2023-05-31 13:23:09.985 INFO [main] [org.springframework.boot.StartupInfoLogger.logStarting(StartupInfoLogger.java:51)] - Starting Application using Java 20.0.1 with PID 27698 (/home/toharrius/labs/100gram/target/classes started by toharrius in /home/toharrius/labs/100gram)
2023-05-31 13:23:09.999 INFO [main] [org.springframework.boot.SpringApplication.logStartupProfileInfo(SpringApplication.java:633)] - No active profile set, falling back to 1 default profile: "default"
2023-05-31 13:23:10.907 INFO [main] [org.springframework.data.repository.config.RepositoryConfigurationDelegate.multipleStoresDetected(RepositoryConfigurationDelegate.java:291)] - Multiple Spring Data modules found, entering strict repository configuration mode
2023-05-31 13:23:10.909 INFO [main] [org.springframework.data.repository.config.RepositoryConfigurationDelegate.registerRepositoriesIn(RepositoryConfigurationDelegate.java:138)] - Bootstrapping Spring Data Redis repositories in DEFAULT mode.
2023-05-31 13:23:10.943 INFO [main] [org.springframework.data.repository.config.RepositoryConfigurationDelegate.registerRepositoriesIn(RepositoryConfigurationDelegate.java:208)] - Finished Spring Data repository scanning in 18 ms. Found 0 Redis repository interfaces.
2023-05-31 13:23:11.583 INFO [main] [org.springframework.boot.web.embedded.tomcat.TomcatWebServer.initialize(TomcatWebServer.java:108)] - Tomcat initialized with port(s): 8080 (http)
2023-05-31 13:23:11.593 INFO [main] [org.apache.juli.logging.DirectJDKLog.log(DirectJDKLog.java:173)] - Initializing ProtocolHandler ["http-nio-8080"]
2023-05-31 13:23:11.594 INFO [main] [org.apache.juli.logging.DirectJDKLog.log(DirectJDKLog.java:173)] - Starting service [Tomcat]
2023-05-31 13:23:11.595 INFO [main] [org.apache.juli.logging.DirectJDKLog.log(DirectJDKLog.java:173)] - Starting Servlet engine: [Apache Tomcat/10.1.8]
2023-05-31 13:23:11.676 INFO [main] [org.apache.juli.logging.DirectJDKLog.log(DirectJDKLog.java:173)] - Initializing Spring embedded WebApplicationContext
2023-05-31 13:23:11.677 INFO [main] [org.springframework.boot.web.servlet.context.ServletWebServerApplicationContext.prepareWebApplicationContext(ServletWebServerApplicationContext.java:291)] - Root WebApplicationContext: initialization completed in 1623 ms
2023-05-31 13:23:12.409 INFO [main] [org.springframework.boot.autoconfigure.web.servlet.WelcomePageHandlerMapping.<init>(WelcomePageHandlerMapping.java:57)] - Adding welcome page: class path resource [static/index.html]
2023-05-31 13:23:12.510 INFO [main] [by.fmpibsu.stogram.WebConfig.addResourceHandlers(WebConfig.java:17)] - Add Resource Handlers
2023-05-31 13:23:13.184 INFO [main] [org.apache.juli.logging.DirectJDKLog.log(DirectJDKLog.java:173)] - Starting ProtocolHandler ["http-nio-8080"]
2023-05-31 13:23:13.201 INFO [main] [org.springframework.boot.web.embedded.tomcat.TomcatWebServer.start(TomcatWebServer.java:220)] - Tomcat started on port(s): 8080 (http) with context path ''
2023-05-31 13:23:13.214 INFO [main] [org.springframework.boot.StartupInfoLogger.logStarted(StartupInfoLogger.java:57)] - Started Application in 3.67 seconds (process running for 5.219)
2023-05-31 13:23:13.216 INFO [main] [by.fmpibsu.stogram.Application.lambda$commandLineRunner$0(Application.java:23)] - Entering application
2023-05-31 13:23:14.369 INFO [http-nio-8080-exec-1] [org.apache.juli.logging.DirectJDKLog.log(DirectJDKLog.java:173)] - Initializing Spring DispatcherServlet 'dispatcherServlet'
2023-05-31 13:23:14.369 INFO [http-nio-8080-exec-1] [org.springframework.web.servlet.FrameworkServlet.initServletBean(FrameworkServlet.java:532)] - Initializing Servlet 'dispatcherServlet'
2023-05-31 13:23:14.371 INFO [http-nio-8080-exec-1] [org.springframework.web.servlet.FrameworkServlet.initServletBean(FrameworkServlet.java:554)] - Completed initialization in 1 ms
2023-05-31 13:23:14.770 INFO [http-nio-8080-exec-1] [com.zaxxer.hikari.HikariDataSource.getConnection(HikariDataSource.java:110)] - HikariPool-1 - Starting...
2023-05-31 13:23:14.839 INFO [http-nio-8080-exec-1] [com.zaxxer.hikari.pool.HikariPool.checkFailFast(HikariPool.java:565)] - HikariPool-1 - Added connection org.postgresql.jdbc.PgConnection@4de33f0
2023-05-31 13:23:14.840 INFO [http-nio-8080-exec-1] [com.zaxxer.hikari.HikariDataSource.getConnection(HikariDataSource.java:123)] - HikariPool-1 - Start completed.
2023-05-31 13:29:56.801 INFO [SpringApplicationShutdownHook] [com.zaxxer.hikari.HikariDataSource.close(HikariDataSource.java:350)] - HikariPool-1 - Shutdown initiated...
2023-05-31 13:29:56.807 INFO [SpringApplicationShutdownHook] [com.zaxxer.hikari.HikariDataSource.close(HikariDataSource.java:352)] - HikariPool-1 - Shutdown completed.
2023-05-31 13:30:34.460 INFO [main] [org.springframework.boot.StartupInfoLogger.logStarting(StartupInfoLogger.java:51)] - Starting Application using Java 20.0.1 with PID 28653 (/home/toharrius/labs/100gram/target/classes started by toharrius in /home/toharrius/labs/100gram)
2023-05-31 13:30:34.475 INFO [main] [org.springframework.boot.SpringApplication.logStartupProfileInfo(SpringApplication.java:633)] - No active profile set, falling back to 1 default profile: "default"
2023-05-31 13:30:35.428 INFO [main] [org.springframework.data.repository.config.RepositoryConfigurationDelegate.multipleStoresDetected(RepositoryConfigurationDelegate.java:291)] - Multiple Spring Data modules found, entering strict repository configuration mode
2023-05-31 13:30:35.432 INFO [main] [org.springframework.data.repository.config.RepositoryConfigurationDelegate.registerRepositoriesIn(RepositoryConfigurationDelegate.java:138)] - Bootstrapping Spring Data Redis repositories in DEFAULT mode.
2023-05-31 13:30:35.470 INFO [main] [org.springframework.data.repository.config.RepositoryConfigurationDelegate.registerRepositoriesIn(RepositoryConfigurationDelegate.java:208)] - Finished Spring Data repository scanning in 19 ms. Found 0 Redis repository interfaces.
2023-05-31 13:30:36.188 INFO [main] [org.springframework.boot.web.embedded.tomcat.TomcatWebServer.initialize(TomcatWebServer.java:108)] - Tomcat initialized with port(s): 8080 (http)
2023-05-31 13:30:36.200 INFO [main] [org.apache.juli.logging.DirectJDKLog.log(DirectJDKLog.java:173)] - Initializing ProtocolHandler ["http-nio-8080"]
2023-05-31 13:30:36.202 INFO [main] [org.apache.juli.logging.DirectJDKLog.log(DirectJDKLog.java:173)] - Starting service [Tomcat]
2023-05-31 13:30:36.202 INFO [main] [org.apache.juli.logging.DirectJDKLog.log(DirectJDKLog.java:173)] - Starting Servlet engine: [Apache Tomcat/10.1.8]
2023-05-31 13:30:36.374 INFO [main] [org.apache.juli.logging.DirectJDKLog.log(DirectJDKLog.java:173)] - Initializing Spring embedded WebApplicationContext
2023-05-31 13:30:36.375 INFO [main] [org.springframework.boot.web.servlet.context.ServletWebServerApplicationContext.prepareWebApplicationContext(ServletWebServerApplicationContext.java:291)] - Root WebApplicationContext: initialization completed in 1836 ms
2023-05-31 13:30:37.383 INFO [main] [org.springframework.boot.autoconfigure.web.servlet.WelcomePageHandlerMapping.<init>(WelcomePageHandlerMapping.java:57)] - Adding welcome page: class path resource [static/index.html]
2023-05-31 13:30:37.473 INFO [main] [by.fmpibsu.stogram.WebConfig.addResourceHandlers(WebConfig.java:17)] - Add Resource Handlers
2023-05-31 13:30:38.109 INFO [main] [org.apache.juli.logging.DirectJDKLog.log(DirectJDKLog.java:173)] - Starting ProtocolHandler ["http-nio-8080"]
2023-05-31 13:30:38.124 INFO [main] [org.springframework.boot.web.embedded.tomcat.TomcatWebServer.start(TomcatWebServer.java:220)] - Tomcat started on port(s): 8080 (http) with context path ''
2023-05-31 13:30:38.136 INFO [main] [org.springframework.boot.StartupInfoLogger.logStarted(StartupInfoLogger.java:57)] - Started Application in 4.195 seconds (process running for 5.736)
2023-05-31 13:30:38.138 INFO [main] [by.fmpibsu.stogram.Application.lambda$commandLineRunner$0(Application.java:23)] - Entering application
2023-05-31 13:30:38.438 INFO [http-nio-8080-exec-1] [org.apache.juli.logging.DirectJDKLog.log(DirectJDKLog.java:173)] - Initializing Spring DispatcherServlet 'dispatcherServlet'
2023-05-31 13:30:38.439 INFO [http-nio-8080-exec-1] [org.springframework.web.servlet.FrameworkServlet.initServletBean(FrameworkServlet.java:532)] - Initializing Servlet 'dispatcherServlet'
2023-05-31 13:30:38.441 INFO [http-nio-8080-exec-1] [org.springframework.web.servlet.FrameworkServlet.initServletBean(FrameworkServlet.java:554)] - Completed initialization in 2 ms
2023-05-31 13:30:39.005 INFO [http-nio-8080-exec-2] [com.zaxxer.hikari.HikariDataSource.getConnection(HikariDataSource.java:110)] - HikariPool-1 - Starting...
2023-05-31 13:30:39.089 INFO [http-nio-8080-exec-2] [com.zaxxer.hikari.pool.HikariPool.checkFailFast(HikariPool.java:565)] - HikariPool-1 - Added connection org.postgresql.jdbc.PgConnection@335b7fdd
2023-05-31 13:30:39.090 INFO [http-nio-8080-exec-2] [com.zaxxer.hikari.HikariDataSource.getConnection(HikariDataSource.java:123)] - HikariPool-1 - Start completed.
2023-05-31 13:31:13.804 INFO [SpringApplicationShutdownHook] [com.zaxxer.hikari.HikariDataSource.close(HikariDataSource.java:350)] - HikariPool-1 - Shutdown initiated...
2023-05-31 13:31:13.811 INFO [SpringApplicationShutdownHook] [com.zaxxer.hikari.HikariDataSource.close(HikariDataSource.java:352)] - HikariPool-1 - Shutdown completed.
2023-05-31 13:31:18.482 INFO [main] [org.springframework.boot.StartupInfoLogger.logStarting(StartupInfoLogger.java:51)] - Starting Application using Java 20.0.1 with PID 29125 (/home/toharrius/labs/100gram/target/classes started by toharrius in /home/toharrius/labs/100gram)
2023-05-31 13:31:18.491 INFO [main] [org.springframework.boot.SpringApplication.logStartupProfileInfo(SpringApplication.java:633)] - No active profile set, falling back to 1 default profile: "default"
2023-05-31 13:31:19.262 INFO [main] [org.springframework.data.repository.config.RepositoryConfigurationDelegate.multipleStoresDetected(RepositoryConfigurationDelegate.java:291)] - Multiple Spring Data modules found, entering strict repository configuration mode
2023-05-31 13:31:19.266 INFO [main] [org.springframework.data.repository.config.RepositoryConfigurationDelegate.registerRepositoriesIn(RepositoryConfigurationDelegate.java:138)] - Bootstrapping Spring Data Redis repositories in DEFAULT mode.
2023-05-31 13:31:19.294 INFO [main] [org.springframework.data.repository.config.RepositoryConfigurationDelegate.registerRepositoriesIn(RepositoryConfigurationDelegate.java:208)] - Finished Spring Data repository scanning in 15 ms. Found 0 Redis repository interfaces.
2023-05-31 13:31:19.854 INFO [main] [org.springframework.boot.web.embedded.tomcat.TomcatWebServer.initialize(TomcatWebServer.java:108)] - Tomcat initialized with port(s): 8080 (http)
2023-05-31 13:31:19.894 INFO [main] [org.apache.juli.logging.DirectJDKLog.log(DirectJDKLog.java:173)] - Initializing ProtocolHandler ["http-nio-8080"]
2023-05-31 13:31:19.896 INFO [main] [org.apache.juli.logging.DirectJDKLog.log(DirectJDKLog.java:173)] - Starting service [Tomcat]
2023-05-31 13:31:19.896 INFO [main] [org.apache.juli.logging.DirectJDKLog.log(DirectJDKLog.java:173)] - Starting Servlet engine: [Apache Tomcat/10.1.8]
2023-05-31 13:31:19.999 INFO [main] [org.apache.juli.logging.DirectJDKLog.log(DirectJDKLog.java:173)] - Initializing Spring embedded WebApplicationContext
2023-05-31 13:31:20.000 INFO [main] [org.springframework.boot.web.servlet.context.ServletWebServerApplicationContext.prepareWebApplicationContext(ServletWebServerApplicationContext.java:291)] - Root WebApplicationContext: initialization completed in 1460 ms
2023-05-31 13:31:20.787 INFO [main] [org.springframework.boot.autoconfigure.web.servlet.WelcomePageHandlerMapping.<init>(WelcomePageHandlerMapping.java:57)] - Adding welcome page: class path resource [static/index.html]
2023-05-31 13:31:20.867 INFO [main] [by.fmpibsu.stogram.WebConfig.addResourceHandlers(WebConfig.java:17)] - Add Resource Handlers
2023-05-31 13:31:21.507 INFO [main] [org.apache.juli.logging.DirectJDKLog.log(DirectJDKLog.java:173)] - Starting ProtocolHandler ["http-nio-8080"]
2023-05-31 13:31:21.521 INFO [main] [org.springframework.boot.web.embedded.tomcat.TomcatWebServer.start(TomcatWebServer.java:220)] - Tomcat started on port(s): 8080 (http) with context path ''
2023-05-31 13:31:21.534 INFO [main] [org.springframework.boot.StartupInfoLogger.logStarted(StartupInfoLogger.java:57)] - Started Application in 3.482 seconds (process running for 4.968)
2023-05-31 13:31:21.536 INFO [main] [by.fmpibsu.stogram.Application.lambda$commandLineRunner$0(Application.java:23)] - Entering application
2023-05-31 13:31:21.673 INFO [http-nio-8080-exec-1] [org.apache.juli.logging.DirectJDKLog.log(DirectJDKLog.java:173)] - Initializing Spring DispatcherServlet 'dispatcherServlet'
2023-05-31 13:31:21.674 INFO [http-nio-8080-exec-1] [org.springframework.web.servlet.FrameworkServlet.initServletBean(FrameworkServlet.java:532)] - Initializing Servlet 'dispatcherServlet'
2023-05-31 13:31:21.675 INFO [http-nio-8080-exec-1] [org.springframework.web.servlet.FrameworkServlet.initServletBean(FrameworkServlet.java:554)] - Completed initialization in 1 ms
2023-05-31 13:31:22.117 INFO [http-nio-8080-exec-2] [com.zaxxer.hikari.HikariDataSource.getConnection(HikariDataSource.java:110)] - HikariPool-1 - Starting...
2023-05-31 13:31:22.187 INFO [http-nio-8080-exec-2] [com.zaxxer.hikari.pool.HikariPool.checkFailFast(HikariPool.java:565)] - HikariPool-1 - Added connection org.postgresql.jdbc.PgConnection@43a75483
2023-05-31 13:31:22.188 INFO [http-nio-8080-exec-2] [com.zaxxer.hikari.HikariDataSource.getConnection(HikariDataSource.java:123)] - HikariPool-1 - Start completed.
2023-05-31 13:56:25.562 INFO [main] [org.springframework.test.context.support.AnnotationConfigContextLoaderUtils.detectDefaultConfigurationClasses(AnnotationConfigContextLoaderUtils.java:83)] - Could not detect default configuration classes for test class [by.fmpibsu.stogram.ApplicationTests]: ApplicationTests does not declare any static, non-private, non-final, nested classes annotated with @Configuration.
2023-05-31 13:56:25.677 INFO [main] [org.springframework.boot.test.context.SpringBootTestContextBootstrapper.getOrFindConfigurationClasses(SpringBootTestContextBootstrapper.java:248)] - Found @SpringBootConfiguration by.fmpibsu.stogram.Application for test class by.fmpibsu.stogram.ApplicationTests
2023-05-31 13:56:26.190 INFO [main] [org.springframework.boot.StartupInfoLogger.logStarting(StartupInfoLogger.java:51)] - Starting ApplicationTests using Java 20.0.1 with PID 30810 (started by toharrius in /home/toharrius/labs/100gram)
2023-05-31 13:56:26.197 INFO [main] [org.springframework.boot.SpringApplication.logStartupProfileInfo(SpringApplication.java:633)] - No active profile set, falling back to 1 default profile: "default"
2023-05-31 13:56:27.304 INFO [main] [org.springframework.data.repository.config.RepositoryConfigurationDelegate.multipleStoresDetected(RepositoryConfigurationDelegate.java:291)] - Multiple Spring Data modules found, entering strict repository configuration mode
2023-05-31 13:56:27.308 INFO [main] [org.springframework.data.repository.config.RepositoryConfigurationDelegate.registerRepositoriesIn(RepositoryConfigurationDelegate.java:138)] - Bootstrapping Spring Data Redis repositories in DEFAULT mode.
2023-05-31 13:56:27.361 INFO [main] [org.springframework.data.repository.config.RepositoryConfigurationDelegate.registerRepositoriesIn(RepositoryConfigurationDelegate.java:208)] - Finished Spring Data repository scanning in 34 ms. Found 0 Redis repository interfaces.
2023-05-31 13:56:29.138 INFO [main] [org.springframework.boot.autoconfigure.web.servlet.WelcomePageHandlerMapping.<init>(WelcomePageHandlerMapping.java:57)] - Adding welcome page: class path resource [static/index.html]
2023-05-31 13:56:29.293 INFO [main] [by.fmpibsu.stogram.WebConfig.addResourceHandlers(WebConfig.java:17)] - Add Resource Handlers
2023-05-31 13:56:30.442 INFO [main] [org.springframework.boot.StartupInfoLogger.logStarted(StartupInfoLogger.java:57)] - Started ApplicationTests in 4.556 seconds (process running for 7.043)
2023-05-31 13:56:30.444 INFO [main] [by.fmpibsu.stogram.Application.lambda$commandLineRunner$0(Application.java:23)] - Entering application
2023-05-31 13:56:31.236 INFO [main] [org.springframework.test.context.support.AnnotationConfigContextLoaderUtils.detectDefaultConfigurationClasses(AnnotationConfigContextLoaderUtils.java:83)] - Could not detect default configuration classes for test class [by.fmpibsu.stogram.service.ChatServiceTest]: ChatServiceTest does not declare any static, non-private, non-final, nested classes annotated with @Configuration.
2023-05-31 13:56:31.245 INFO [main] [org.springframework.boot.test.context.SpringBootTestContextBootstrapper.getOrFindConfigurationClasses(SpringBootTestContextBootstrapper.java:248)] - Found @SpringBootConfiguration by.fmpibsu.stogram.Application for test class by.fmpibsu.stogram.service.ChatServiceTest
2023-05-31 13:56:31.554 INFO [main] [com.zaxxer.hikari.HikariDataSource.getConnection(HikariDataSource.java:110)] - HikariPool-1 - Starting...
2023-05-31 13:56:31.656 INFO [main] [com.zaxxer.hikari.pool.HikariPool.checkFailFast(HikariPool.java:565)] - HikariPool-1 - Added connection org.postgresql.jdbc.PgConnection@278150a1
2023-05-31 13:56:31.659 INFO [main] [com.zaxxer.hikari.HikariDataSource.getConnection(HikariDataSource.java:123)] - HikariPool-1 - Start completed.
2023-05-31 13:56:31.792 INFO [SpringApplicationShutdownHook] [com.zaxxer.hikari.HikariDataSource.close(HikariDataSource.java:350)] - HikariPool-1 - Shutdown initiated...
2023-05-31 13:56:31.799 INFO [SpringApplicationShutdownHook] [com.zaxxer.hikari.HikariDataSource.close(HikariDataSource.java:352)] - HikariPool-1 - Shutdown completed.
2023-05-31 13:57:51.411 INFO [main] [org.springframework.test.context.support.AnnotationConfigContextLoaderUtils.detectDefaultConfigurationClasses(AnnotationConfigContextLoaderUtils.java:83)] - Could not detect default configuration classes for test class [by.fmpibsu.stogram.service.ChatServiceTest]: ChatServiceTest does not declare any static, non-private, non-final, nested classes annotated with @Configuration.
2023-05-31 13:57:51.568 INFO [main] [org.springframework.boot.test.context.SpringBootTestContextBootstrapper.getOrFindConfigurationClasses(SpringBootTestContextBootstrapper.java:248)] - Found @SpringBootConfiguration by.fmpibsu.stogram.Application for test class by.fmpibsu.stogram.service.ChatServiceTest
2023-05-31 13:57:52.110 INFO [main] [org.springframework.boot.StartupInfoLogger.logStarting(StartupInfoLogger.java:51)] - Starting ChatServiceTest using Java 20.0.1 with PID 31123 (started by toharrius in /home/toharrius/labs/100gram)
2023-05-31 13:57:52.115 INFO [main] [org.springframework.boot.SpringApplication.logStartupProfileInfo(SpringApplication.java:633)] - No active profile set, falling back to 1 default profile: "default"
2023-05-31 13:57:53.168 INFO [main] [org.springframework.data.repository.config.RepositoryConfigurationDelegate.multipleStoresDetected(RepositoryConfigurationDelegate.java:291)] - Multiple Spring Data modules found, entering strict repository configuration mode
2023-05-31 13:57:53.172 INFO [main] [org.springframework.data.repository.config.RepositoryConfigurationDelegate.registerRepositoriesIn(RepositoryConfigurationDelegate.java:138)] - Bootstrapping Spring Data Redis repositories in DEFAULT mode.
2023-05-31 13:57:53.213 INFO [main] [org.springframework.data.repository.config.RepositoryConfigurationDelegate.registerRepositoriesIn(RepositoryConfigurationDelegate.java:208)] - Finished Spring Data repository scanning in 20 ms. Found 0 Redis repository interfaces.
2023-05-31 13:57:54.999 INFO [main] [org.springframework.boot.autoconfigure.web.servlet.WelcomePageHandlerMapping.<init>(WelcomePageHandlerMapping.java:57)] - Adding welcome page: class path resource [static/index.html]
2023-05-31 13:57:55.105 INFO [main] [by.fmpibsu.stogram.WebConfig.addResourceHandlers(WebConfig.java:17)] - Add Resource Handlers
2023-05-31 13:57:56.401 INFO [main] [org.springframework.boot.StartupInfoLogger.logStarted(StartupInfoLogger.java:57)] - Started ChatServiceTest in 4.615 seconds (process running for 7.752)
2023-05-31 13:57:56.404 INFO [main] [by.fmpibsu.stogram.Application.lambda$commandLineRunner$0(Application.java:23)] - Entering application
2023-05-31 13:57:57.786 INFO [main] [com.zaxxer.hikari.HikariDataSource.getConnection(HikariDataSource.java:110)] - HikariPool-1 - Starting...
2023-05-31 13:57:57.901 INFO [main] [com.zaxxer.hikari.pool.HikariPool.checkFailFast(HikariPool.java:565)] - HikariPool-1 - Added connection org.postgresql.jdbc.PgConnection@62732be7
2023-05-31 13:57:57.905 INFO [main] [com.zaxxer.hikari.HikariDataSource.getConnection(HikariDataSource.java:123)] - HikariPool-1 - Start completed.
2023-05-31 13:58:14.165 INFO [main] [org.springframework.test.context.support.AnnotationConfigContextLoaderUtils.detectDefaultConfigurationClasses(AnnotationConfigContextLoaderUtils.java:83)] - Could not detect default configuration classes for test class [by.fmpibsu.stogram.ApplicationTests]: ApplicationTests does not declare any static, non-private, non-final, nested classes annotated with @Configuration.
2023-05-31 13:58:14.316 INFO [main] [org.springframework.boot.test.context.SpringBootTestContextBootstrapper.getOrFindConfigurationClasses(SpringBootTestContextBootstrapper.java:248)] - Found @SpringBootConfiguration by.fmpibsu.stogram.Application for test class by.fmpibsu.stogram.ApplicationTests
2023-05-31 13:58:14.879 INFO [main] [org.springframework.boot.StartupInfoLogger.logStarting(StartupInfoLogger.java:51)] - Starting ApplicationTests using Java 20.0.1 with PID 31400 (started by toharrius in /home/toharrius/labs/100gram)
2023-05-31 13:58:14.886 INFO [main] [org.springframework.boot.SpringApplication.logStartupProfileInfo(SpringApplication.java:633)] - No active profile set, falling back to 1 default profile: "default"
2023-05-31 13:58:15.980 INFO [main] [org.springframework.data.repository.config.RepositoryConfigurationDelegate.multipleStoresDetected(RepositoryConfigurationDelegate.java:291)] - Multiple Spring Data modules found, entering strict repository configuration mode
2023-05-31 13:58:15.984 INFO [main] [org.springframework.data.repository.config.RepositoryConfigurationDelegate.registerRepositoriesIn(RepositoryConfigurationDelegate.java:138)] - Bootstrapping Spring Data Redis repositories in DEFAULT mode.
2023-05-31 13:58:16.032 INFO [main] [org.springframework.data.repository.config.RepositoryConfigurationDelegate.registerRepositoriesIn(RepositoryConfigurationDelegate.java:208)] - Finished Spring Data repository scanning in 24 ms. Found 0 Redis repository interfaces.
2023-05-31 13:58:17.814 INFO [main] [org.springframework.boot.autoconfigure.web.servlet.WelcomePageHandlerMapping.<init>(WelcomePageHandlerMapping.java:57)] - Adding welcome page: class path resource [static/index.html]
2023-05-31 13:58:17.928 INFO [main] [by.fmpibsu.stogram.WebConfig.addResourceHandlers(WebConfig.java:17)] - Add Resource Handlers
2023-05-31 13:58:19.087 INFO [main] [org.springframework.boot.StartupInfoLogger.logStarted(StartupInfoLogger.java:57)] - Started ApplicationTests in 4.559 seconds (process running for 7.431)
2023-05-31 13:58:19.091 INFO [main] [by.fmpibsu.stogram.Application.lambda$commandLineRunner$0(Application.java:23)] - Entering application
2023-05-31 13:58:20.280 INFO [main] [org.springframework.test.context.support.AnnotationConfigContextLoaderUtils.detectDefaultConfigurationClasses(AnnotationConfigContextLoaderUtils.java:83)] - Could not detect default configuration classes for test class [by.fmpibsu.stogram.service.ChatServiceTest]: ChatServiceTest does not declare any static, non-private, non-final, nested classes annotated with @Configuration.
2023-05-31 13:58:20.298 INFO [main] [org.springframework.boot.test.context.SpringBootTestContextBootstrapper.getOrFindConfigurationClasses(SpringBootTestContextBootstrapper.java:248)] - Found @SpringBootConfiguration by.fmpibsu.stogram.Application for test class by.fmpibsu.stogram.service.ChatServiceTest
2023-05-31 13:58:20.562 INFO [main] [com.zaxxer.hikari.HikariDataSource.getConnection(HikariDataSource.java:110)] - HikariPool-1 - Starting...
2023-05-31 13:58:20.692 INFO [main] [com.zaxxer.hikari.pool.HikariPool.checkFailFast(HikariPool.java:565)] - HikariPool-1 - Added connection org.postgresql.jdbc.PgConnection@54780c40
2023-05-31 13:58:20.695 INFO [main] [com.zaxxer.hikari.HikariDataSource.getConnection(HikariDataSource.java:123)] - HikariPool-1 - Start completed.
2023-05-31 13:58:47.516 INFO [SpringApplicationShutdownHook] [com.zaxxer.hikari.HikariDataSource.close(HikariDataSource.java:350)] - HikariPool-1 - Shutdown initiated...
2023-05-31 13:58:47.521 INFO [SpringApplicationShutdownHook] [com.zaxxer.hikari.HikariDataSource.close(HikariDataSource.java:352)] - HikariPool-1 - Shutdown completed.
2023-05-31 13:58:51.807 INFO [main] [org.springframework.test.context.support.AnnotationConfigContextLoaderUtils.detectDefaultConfigurationClasses(AnnotationConfigContextLoaderUtils.java:83)] - Could not detect default configuration classes for test class [by.fmpibsu.stogram.ApplicationTests]: ApplicationTests does not declare any static, non-private, non-final, nested classes annotated with @Configuration.
2023-05-31 13:58:51.984 INFO [main] [org.springframework.boot.test.context.SpringBootTestContextBootstrapper.getOrFindConfigurationClasses(SpringBootTestContextBootstrapper.java:248)] - Found @SpringBootConfiguration by.fmpibsu.stogram.Application for test class by.fmpibsu.stogram.ApplicationTests
2023-05-31 13:58:52.593 INFO [main] [org.springframework.boot.StartupInfoLogger.logStarting(StartupInfoLogger.java:51)] - Starting ApplicationTests using Java 20.0.1 with PID 31700 (started by toharrius in /home/toharrius/labs/100gram)
2023-05-31 13:58:52.600 INFO [main] [org.springframework.boot.SpringApplication.logStartupProfileInfo(SpringApplication.java:633)] - No active profile set, falling back to 1 default profile: "default"
2023-05-31 13:58:53.853 INFO [main] [org.springframework.data.repository.config.RepositoryConfigurationDelegate.multipleStoresDetected(RepositoryConfigurationDelegate.java:291)] - Multiple Spring Data modules found, entering strict repository configuration mode
2023-05-31 13:58:53.858 INFO [main] [org.springframework.data.repository.config.RepositoryConfigurationDelegate.registerRepositoriesIn(RepositoryConfigurationDelegate.java:138)] - Bootstrapping Spring Data Redis repositories in DEFAULT mode.
2023-05-31 13:58:53.913 INFO [main] [org.springframework.data.repository.config.RepositoryConfigurationDelegate.registerRepositoriesIn(RepositoryConfigurationDelegate.java:208)] - Finished Spring Data repository scanning in 25 ms. Found 0 Redis repository interfaces.
2023-05-31 13:58:55.977 INFO [main] [org.springframework.boot.autoconfigure.web.servlet.WelcomePageHandlerMapping.<init>(WelcomePageHandlerMapping.java:57)] - Adding welcome page: class path resource [static/index.html]
2023-05-31 13:58:56.107 INFO [main] [by.fmpibsu.stogram.WebConfig.addResourceHandlers(WebConfig.java:17)] - Add Resource Handlers
2023-05-31 13:58:57.566 INFO [main] [org.springframework.boot.StartupInfoLogger.logStarted(StartupInfoLogger.java:57)] - Started ApplicationTests in 5.346 seconds (process running for 8.345)
2023-05-31 13:58:57.569 INFO [main] [by.fmpibsu.stogram.Application.lambda$commandLineRunner$0(Application.java:23)] - Entering application
2023-05-31 13:58:58.828 INFO [main] [org.springframework.test.context.support.AnnotationConfigContextLoaderUtils.detectDefaultConfigurationClasses(AnnotationConfigContextLoaderUtils.java:83)] - Could not detect default configuration classes for test class [by.fmpibsu.stogram.service.ChatServiceTest]: ChatServiceTest does not declare any static, non-private, non-final, nested classes annotated with @Configuration.
2023-05-31 13:58:58.848 INFO [main] [org.springframework.boot.test.context.SpringBootTestContextBootstrapper.getOrFindConfigurationClasses(SpringBootTestContextBootstrapper.java:248)] - Found @SpringBootConfiguration by.fmpibsu.stogram.Application for test class by.fmpibsu.stogram.service.ChatServiceTest
2023-05-31 13:59:37.465 INFO [main] [com.zaxxer.hikari.HikariDataSource.getConnection(HikariDataSource.java:110)] - HikariPool-1 - Starting...
2023-05-31 13:59:37.922 INFO [main] [com.zaxxer.hikari.pool.HikariPool.checkFailFast(HikariPool.java:565)] - HikariPool-1 - Added connection org.postgresql.jdbc.PgConnection@72c5064f
2023-05-31 13:59:37.932 INFO [main] [com.zaxxer.hikari.HikariDataSource.getConnection(HikariDataSource.java:123)] - HikariPool-1 - Start completed.
2023-05-31 14:01:43.775 WARN [HikariPool-1 housekeeper] [com.zaxxer.hikari.pool.HikariPool$HouseKeeper.run(HikariPool.java:804)] - HikariPool-1 - Thread starvation or clock leap detected (housekeeper delta=2m5s743ms183µs283ns).
2023-05-31 14:01:43.854 INFO [SpringApplicationShutdownHook] [com.zaxxer.hikari.HikariDataSource.close(HikariDataSource.java:350)] - HikariPool-1 - Shutdown initiated...
2023-05-31 14:01:43.871 INFO [SpringApplicationShutdownHook] [com.zaxxer.hikari.HikariDataSource.close(HikariDataSource.java:352)] - HikariPool-1 - Shutdown completed.
2023-05-31 14:01:55.837 INFO [main] [org.springframework.test.context.support.AnnotationConfigContextLoaderUtils.detectDefaultConfigurationClasses(AnnotationConfigContextLoaderUtils.java:83)] - Could not detect default configuration classes for test class [by.fmpibsu.stogram.ApplicationTests]: ApplicationTests does not declare any static, non-private, non-final, nested classes annotated with @Configuration.
2023-05-31 14:01:55.942 INFO [main] [org.springframework.boot.test.context.SpringBootTestContextBootstrapper.getOrFindConfigurationClasses(SpringBootTestContextBootstrapper.java:248)] - Found @SpringBootConfiguration by.fmpibsu.stogram.Application for test class by.fmpibsu.stogram.ApplicationTests
2023-05-31 14:01:56.420 INFO [main] [org.springframework.boot.StartupInfoLogger.logStarting(StartupInfoLogger.java:51)] - Starting ApplicationTests using Java 20.0.1 with PID 32122 (started by toharrius in /home/toharrius/labs/100gram)
2023-05-31 14:01:56.424 INFO [main] [org.springframework.boot.SpringApplication.logStartupProfileInfo(SpringApplication.java:633)] - No active profile set, falling back to 1 default profile: "default"
2023-05-31 14:01:57.436 INFO [main] [org.springframework.data.repository.config.RepositoryConfigurationDelegate.multipleStoresDetected(RepositoryConfigurationDelegate.java:291)] - Multiple Spring Data modules found, entering strict repository configuration mode
2023-05-31 14:01:57.440 INFO [main] [org.springframework.data.repository.config.RepositoryConfigurationDelegate.registerRepositoriesIn(RepositoryConfigurationDelegate.java:138)] - Bootstrapping Spring Data Redis repositories in DEFAULT mode.
2023-05-31 14:01:57.492 INFO [main] [org.springframework.data.repository.config.RepositoryConfigurationDelegate.registerRepositoriesIn(RepositoryConfigurationDelegate.java:208)] - Finished Spring Data repository scanning in 29 ms. Found 0 Redis repository interfaces.
2023-05-31 14:01:58.974 INFO [main] [org.springframework.boot.autoconfigure.web.servlet.WelcomePageHandlerMapping.<init>(WelcomePageHandlerMapping.java:57)] - Adding welcome page: class path resource [static/index.html]
2023-05-31 14:01:59.076 INFO [main] [by.fmpibsu.stogram.WebConfig.addResourceHandlers(WebConfig.java:17)] - Add Resource Handlers
2023-05-31 14:02:00.287 INFO [main] [org.springframework.boot.StartupInfoLogger.logStarted(StartupInfoLogger.java:57)] - Started ApplicationTests in 4.191 seconds (process running for 13.142)
2023-05-31 14:02:00.290 INFO [main] [by.fmpibsu.stogram.Application.lambda$commandLineRunner$0(Application.java:23)] - Entering application
2023-05-31 14:02:01.231 INFO [main] [org.springframework.test.context.support.AnnotationConfigContextLoaderUtils.detectDefaultConfigurationClasses(AnnotationConfigContextLoaderUtils.java:83)] - Could not detect default configuration classes for test class [by.fmpibsu.stogram.service.ChatServiceTest]: ChatServiceTest does not declare any static, non-private, non-final, nested classes annotated with @Configuration.
2023-05-31 14:02:01.247 INFO [main] [org.springframework.boot.test.context.SpringBootTestContextBootstrapper.getOrFindConfigurationClasses(SpringBootTestContextBootstrapper.java:248)] - Found @SpringBootConfiguration by.fmpibsu.stogram.Application for test class by.fmpibsu.stogram.service.ChatServiceTest
2023-05-31 14:02:01.583 INFO [main] [com.zaxxer.hikari.HikariDataSource.getConnection(HikariDataSource.java:110)] - HikariPool-1 - Starting...
2023-05-31 14:02:01.712 INFO [main] [com.zaxxer.hikari.pool.HikariPool.checkFailFast(HikariPool.java:565)] - HikariPool-1 - Added connection org.postgresql.jdbc.PgConnection@5f8d4b51
2023-05-31 14:02:01.715 INFO [main] [com.zaxxer.hikari.HikariDataSource.getConnection(HikariDataSource.java:123)] - HikariPool-1 - Start completed.
2023-05-31 14:02:01.919 INFO [SpringApplicationShutdownHook] [com.zaxxer.hikari.HikariDataSource.close(HikariDataSource.java:350)] - HikariPool-1 - Shutdown initiated...
2023-05-31 14:02:01.931 INFO [SpringApplicationShutdownHook] [com.zaxxer.hikari.HikariDataSource.close(HikariDataSource.java:352)] - HikariPool-1 - Shutdown completed.
2023-05-31 14:06:00.783 INFO [main] [org.springframework.test.context.support.AnnotationConfigContextLoaderUtils.detectDefaultConfigurationClasses(AnnotationConfigContextLoaderUtils.java:83)] - Could not detect default configuration classes for test class [by.fmpibsu.stogram.ApplicationTests]: ApplicationTests does not declare any static, non-private, non-final, nested classes annotated with @Configuration.
2023-05-31 14:06:00.899 INFO [main] [org.springframework.boot.test.context.SpringBootTestContextBootstrapper.getOrFindConfigurationClasses(SpringBootTestContextBootstrapper.java:248)] - Found @SpringBootConfiguration by.fmpibsu.stogram.Application for test class by.fmpibsu.stogram.ApplicationTests
2023-05-31 14:06:01.560 INFO [main] [org.springframework.boot.StartupInfoLogger.logStarting(StartupInfoLogger.java:51)] - Starting ApplicationTests using Java 20.0.1 with PID 32458 (started by toharrius in /home/toharrius/labs/100gram)
2023-05-31 14:06:01.566 INFO [main] [org.springframework.boot.SpringApplication.logStartupProfileInfo(SpringApplication.java:633)] - No active profile set, falling back to 1 default profile: "default"
2023-05-31 14:06:02.936 INFO [main] [org.springframework.data.repository.config.RepositoryConfigurationDelegate.multipleStoresDetected(RepositoryConfigurationDelegate.java:291)] - Multiple Spring Data modules found, entering strict repository configuration mode
2023-05-31 14:06:02.940 INFO [main] [org.springframework.data.repository.config.RepositoryConfigurationDelegate.registerRepositoriesIn(RepositoryConfigurationDelegate.java:138)] - Bootstrapping Spring Data Redis repositories in DEFAULT mode.
2023-05-31 14:06:02.988 INFO [main] [org.springframework.data.repository.config.RepositoryConfigurationDelegate.registerRepositoriesIn(RepositoryConfigurationDelegate.java:208)] - Finished Spring Data repository scanning in 25 ms. Found 0 Redis repository interfaces.
2023-05-31 14:06:04.667 INFO [main] [org.springframework.boot.autoconfigure.web.servlet.WelcomePageHandlerMapping.<init>(WelcomePageHandlerMapping.java:57)] - Adding welcome page: class path resource [static/index.html]
2023-05-31 14:06:04.793 INFO [main] [by.fmpibsu.stogram.WebConfig.addResourceHandlers(WebConfig.java:17)] - Add Resource Handlers
2023-05-31 14:06:06.218 INFO [main] [org.springframework.boot.StartupInfoLogger.logStarted(StartupInfoLogger.java:57)] - Started ApplicationTests in 5.143 seconds (process running for 7.348)
2023-05-31 14:06:06.221 INFO [main] [by.fmpibsu.stogram.Application.lambda$commandLineRunner$0(Application.java:23)] - Entering application
2023-05-31 14:06:07.077 INFO [main] [org.springframework.test.context.support.AnnotationConfigContextLoaderUtils.detectDefaultConfigurationClasses(AnnotationConfigContextLoaderUtils.java:83)] - Could not detect default configuration classes for test class [by.fmpibsu.stogram.service.ChatServiceTest]: ChatServiceTest does not declare any static, non-private, non-final, nested classes annotated with @Configuration.
2023-05-31 14:06:07.092 INFO [main] [org.springframework.boot.test.context.SpringBootTestContextBootstrapper.getOrFindConfigurationClasses(SpringBootTestContextBootstrapper.java:248)] - Found @SpringBootConfiguration by.fmpibsu.stogram.Application for test class by.fmpibsu.stogram.service.ChatServiceTest
2023-05-31 14:06:07.408 INFO [main] [com.zaxxer.hikari.HikariDataSource.getConnection(HikariDataSource.java:110)] - HikariPool-1 - Starting...
2023-05-31 14:06:07.527 INFO [main] [com.zaxxer.hikari.pool.HikariPool.checkFailFast(HikariPool.java:565)] - HikariPool-1 - Added connection org.postgresql.jdbc.PgConnection@658098a2
2023-05-31 14:06:07.530 INFO [main] [com.zaxxer.hikari.HikariDataSource.getConnection(HikariDataSource.java:123)] - HikariPool-1 - Start completed.
2023-05-31 14:06:07.712 INFO [SpringApplicationShutdownHook] [com.zaxxer.hikari.HikariDataSource.close(HikariDataSource.java:350)] - HikariPool-1 - Shutdown initiated...
2023-05-31 14:06:07.719 INFO [SpringApplicationShutdownHook] [com.zaxxer.hikari.HikariDataSource.close(HikariDataSource.java:352)] - HikariPool-1 - Shutdown completed.
2023-05-31 14:09:18.851 INFO [main] [org.springframework.test.context.support.AnnotationConfigContextLoaderUtils.detectDefaultConfigurationClasses(AnnotationConfigContextLoaderUtils.java:83)] - Could not detect default configuration classes for test class [by.fmpibsu.stogram.ApplicationTests]: ApplicationTests does not declare any static, non-private, non-final, nested classes annotated with @Configuration.
2023-05-31 14:09:18.977 INFO [main] [org.springframework.boot.test.context.SpringBootTestContextBootstrapper.getOrFindConfigurationClasses(SpringBootTestContextBootstrapper.java:248)] - Found @SpringBootConfiguration by.fmpibsu.stogram.Application for test class by.fmpibsu.stogram.ApplicationTests
2023-05-31 14:09:19.435 INFO [main] [org.springframework.boot.StartupInfoLogger.logStarting(StartupInfoLogger.java:51)] - Starting ApplicationTests using Java 20.0.1 with PID 33075 (started by toharrius in /home/toharrius/labs/100gram)
2023-05-31 14:09:19.440 INFO [main] [org.springframework.boot.SpringApplication.logStartupProfileInfo(SpringApplication.java:633)] - No active profile set, falling back to 1 default profile: "default"
2023-05-31 14:09:20.556 INFO [main] [org.springframework.data.repository.config.RepositoryConfigurationDelegate.multipleStoresDetected(RepositoryConfigurationDelegate.java:291)] - Multiple Spring Data modules found, entering strict repository configuration mode
2023-05-31 14:09:20.560 INFO [main] [org.springframework.data.repository.config.RepositoryConfigurationDelegate.registerRepositoriesIn(RepositoryConfigurationDelegate.java:138)] - Bootstrapping Spring Data Redis repositories in DEFAULT mode.
2023-05-31 14:09:20.630 INFO [main] [org.springframework.data.repository.config.RepositoryConfigurationDelegate.registerRepositoriesIn(RepositoryConfigurationDelegate.java:208)] - Finished Spring Data repository scanning in 45 ms. Found 0 Redis repository interfaces.
2023-05-31 14:09:23.053 INFO [main] [org.springframework.boot.autoconfigure.web.servlet.WelcomePageHandlerMapping.<init>(WelcomePageHandlerMapping.java:57)] - Adding welcome page: class path resource [static/index.html]
2023-05-31 14:09:23.220 INFO [main] [by.fmpibsu.stogram.WebConfig.addResourceHandlers(WebConfig.java:17)] - Add Resource Handlers
2023-05-31 14:09:24.676 INFO [main] [org.springframework.boot.StartupInfoLogger.logStarted(StartupInfoLogger.java:57)] - Started ApplicationTests in 5.525 seconds (process running for 7.689)
2023-05-31 14:09:24.681 INFO [main] [by.fmpibsu.stogram.Application.lambda$commandLineRunner$0(Application.java:23)] - Entering application
2023-05-31 14:09:25.917 INFO [main] [org.springframework.test.context.support.AnnotationConfigContextLoaderUtils.detectDefaultConfigurationClasses(AnnotationConfigContextLoaderUtils.java:83)] - Could not detect default configuration classes for test class [by.fmpibsu.stogram.service.ChatServiceTest]: ChatServiceTest does not declare any static, non-private, non-final, nested classes annotated with @Configuration.
2023-05-31 14:09:25.943 INFO [main] [org.springframework.boot.test.context.SpringBootTestContextBootstrapper.getOrFindConfigurationClasses(SpringBootTestContextBootstrapper.java:248)] - Found @SpringBootConfiguration by.fmpibsu.stogram.Application for test class by.fmpibsu.stogram.service.ChatServiceTest
2023-05-31 14:09:26.461 INFO [main] [com.zaxxer.hikari.HikariDataSource.getConnection(HikariDataSource.java:110)] - HikariPool-1 - Starting...
2023-05-31 14:09:26.615 INFO [main] [com.zaxxer.hikari.pool.HikariPool.checkFailFast(HikariPool.java:565)] - HikariPool-1 - Added connection org.postgresql.jdbc.PgConnection@6f740044
2023-05-31 14:09:26.619 INFO [main] [com.zaxxer.hikari.HikariDataSource.getConnection(HikariDataSource.java:123)] - HikariPool-1 - Start completed.
2023-05-31 14:09:26.830 INFO [SpringApplicationShutdownHook] [com.zaxxer.hikari.HikariDataSource.close(HikariDataSource.java:350)] - HikariPool-1 - Shutdown initiated...
2023-05-31 14:09:26.847 INFO [SpringApplicationShutdownHook] [com.zaxxer.hikari.HikariDataSource.close(HikariDataSource.java:352)] - HikariPool-1 - Shutdown completed.
2023-05-31 14:14:20.658 INFO [main] [org.springframework.test.context.support.AnnotationConfigContextLoaderUtils.detectDefaultConfigurationClasses(AnnotationConfigContextLoaderUtils.java:83)] - Could not detect default configuration classes for test class [by.fmpibsu.stogram.ApplicationTests]: ApplicationTests does not declare any static, non-private, non-final, nested classes annotated with @Configuration.
2023-05-31 14:14:20.800 INFO [main] [org.springframework.boot.test.context.SpringBootTestContextBootstrapper.getOrFindConfigurationClasses(SpringBootTestContextBootstrapper.java:248)] - Found @SpringBootConfiguration by.fmpibsu.stogram.Application for test class by.fmpibsu.stogram.ApplicationTests
2023-05-31 14:14:21.312 INFO [main] [org.springframework.boot.StartupInfoLogger.logStarting(StartupInfoLogger.java:51)] - Starting ApplicationTests using Java 20.0.1 with PID 33776 (started by toharrius in /home/toharrius/labs/100gram)
2023-05-31 14:14:21.317 INFO [main] [org.springframework.boot.SpringApplication.logStartupProfileInfo(SpringApplication.java:633)] - No active profile set, falling back to 1 default profile: "default"
2023-05-31 14:14:22.588 INFO [main] [org.springframework.data.repository.config.RepositoryConfigurationDelegate.multipleStoresDetected(RepositoryConfigurationDelegate.java:291)] - Multiple Spring Data modules found, entering strict repository configuration mode
2023-05-31 14:14:22.593 INFO [main] [org.springframework.data.repository.config.RepositoryConfigurationDelegate.registerRepositoriesIn(RepositoryConfigurationDelegate.java:138)] - Bootstrapping Spring Data Redis repositories in DEFAULT mode.
2023-05-31 14:14:22.641 INFO [main] [org.springframework.data.repository.config.RepositoryConfigurationDelegate.registerRepositoriesIn(RepositoryConfigurationDelegate.java:208)] - Finished Spring Data repository scanning in 22 ms. Found 0 Redis repository interfaces.
2023-05-31 14:14:24.628 INFO [main] [org.springframework.boot.autoconfigure.web.servlet.WelcomePageHandlerMapping.<init>(WelcomePageHandlerMapping.java:57)] - Adding welcome page: class path resource [static/index.html]
2023-05-31 14:14:24.762 INFO [main] [by.fmpibsu.stogram.WebConfig.addResourceHandlers(WebConfig.java:17)] - Add Resource Handlers
2023-05-31 14:14:26.146 INFO [main] [org.springframework.boot.StartupInfoLogger.logStarted(StartupInfoLogger.java:57)] - Started ApplicationTests in 5.143 seconds (process running for 7.524)
2023-05-31 14:14:26.149 INFO [main] [by.fmpibsu.stogram.Application.lambda$commandLineRunner$0(Application.java:23)] - Entering application
2023-05-31 14:14:27.150 INFO [main] [org.springframework.test.context.support.AnnotationConfigContextLoaderUtils.detectDefaultConfigurationClasses(AnnotationConfigContextLoaderUtils.java:83)] - Could not detect default configuration classes for test class [by.fmpibsu.stogram.service.ChatServiceTest]: ChatServiceTest does not declare any static, non-private, non-final, nested classes annotated with @Configuration.
2023-05-31 14:14:27.162 INFO [main] [org.springframework.boot.test.context.SpringBootTestContextBootstrapper.getOrFindConfigurationClasses(SpringBootTestContextBootstrapper.java:248)] - Found @SpringBootConfiguration by.fmpibsu.stogram.Application for test class by.fmpibsu.stogram.service.ChatServiceTest
2023-05-31 14:14:27.523 INFO [main] [com.zaxxer.hikari.HikariDataSource.getConnection(HikariDataSource.java:110)] - HikariPool-1 - Starting...
2023-05-31 14:14:27.676 INFO [main] [com.zaxxer.hikari.pool.HikariPool.checkFailFast(HikariPool.java:565)] - HikariPool-1 - Added connection org.postgresql.jdbc.PgConnection@658098a2
2023-05-31 14:14:27.679 INFO [main] [com.zaxxer.hikari.HikariDataSource.getConnection(HikariDataSource.java:123)] - HikariPool-1 - Start completed.
2023-05-31 14:14:27.811 INFO [SpringApplicationShutdownHook] [com.zaxxer.hikari.HikariDataSource.close(HikariDataSource.java:350)] - HikariPool-1 - Shutdown initiated...
2023-05-31 14:14:27.821 INFO [SpringApplicationShutdownHook] [com.zaxxer.hikari.HikariDataSource.close(HikariDataSource.java:352)] - HikariPool-1 - Shutdown completed.
2023-05-31 14:14:39.808 INFO [main] [org.springframework.boot.StartupInfoLogger.logStarting(StartupInfoLogger.java:51)] - Starting Application using Java 20.0.1 with PID 34035 (/home/toharrius/labs/100gram/target/classes started by toharrius in /home/toharrius/labs/100gram)
2023-05-31 14:14:39.817 INFO [main] [org.springframework.boot.SpringApplication.logStartupProfileInfo(SpringApplication.java:633)] - No active profile set, falling back to 1 default profile: "default"
2023-05-31 14:14:40.591 INFO [main] [org.springframework.data.repository.config.RepositoryConfigurationDelegate.multipleStoresDetected(RepositoryConfigurationDelegate.java:291)] - Multiple Spring Data modules found, entering strict repository configuration mode
2023-05-31 14:14:40.593 INFO [main] [org.springframework.data.repository.config.RepositoryConfigurationDelegate.registerRepositoriesIn(RepositoryConfigurationDelegate.java:138)] - Bootstrapping Spring Data Redis repositories in DEFAULT mode.
2023-05-31 14:14:40.622 INFO [main] [org.springframework.data.repository.config.RepositoryConfigurationDelegate.registerRepositoriesIn(RepositoryConfigurationDelegate.java:208)] - Finished Spring Data repository scanning in 16 ms. Found 0 Redis repository interfaces.
2023-05-31 14:14:41.306 INFO [main] [org.springframework.boot.web.embedded.tomcat.TomcatWebServer.initialize(TomcatWebServer.java:108)] - Tomcat initialized with port(s): 8080 (http)
2023-05-31 14:14:41.319 INFO [main] [org.apache.juli.logging.DirectJDKLog.log(DirectJDKLog.java:173)] - Initializing ProtocolHandler ["http-nio-8080"]
2023-05-31 14:14:41.321 INFO [main] [org.apache.juli.logging.DirectJDKLog.log(DirectJDKLog.java:173)] - Starting service [Tomcat]
2023-05-31 14:14:41.322 INFO [main] [org.apache.juli.logging.DirectJDKLog.log(DirectJDKLog.java:173)] - Starting Servlet engine: [Apache Tomcat/10.1.8]
2023-05-31 14:14:41.408 INFO [main] [org.apache.juli.logging.DirectJDKLog.log(DirectJDKLog.java:173)] - Initializing Spring embedded WebApplicationContext
2023-05-31 14:14:41.408 INFO [main] [org.springframework.boot.web.servlet.context.ServletWebServerApplicationContext.prepareWebApplicationContext(ServletWebServerApplicationContext.java:291)] - Root WebApplicationContext: initialization completed in 1537 ms
2023-05-31 14:14:42.193 INFO [main] [org.springframework.boot.autoconfigure.web.servlet.WelcomePageHandlerMapping.<init>(WelcomePageHandlerMapping.java:57)] - Adding welcome page: class path resource [static/index.html]
2023-05-31 14:14:42.282 INFO [main] [by.fmpibsu.stogram.WebConfig.addResourceHandlers(WebConfig.java:17)] - Add Resource Handlers
2023-05-31 14:14:42.880 INFO [main] [org.apache.juli.logging.DirectJDKLog.log(DirectJDKLog.java:173)] - Starting ProtocolHandler ["http-nio-8080"]
2023-05-31 14:14:42.894 INFO [main] [org.springframework.boot.web.embedded.tomcat.TomcatWebServer.start(TomcatWebServer.java:220)] - Tomcat started on port(s): 8080 (http) with context path ''
2023-05-31 14:14:42.906 INFO [main] [org.springframework.boot.StartupInfoLogger.logStarted(StartupInfoLogger.java:57)] - Started Application in 3.519 seconds (process running for 5.096)
2023-05-31 14:14:42.907 INFO [main] [by.fmpibsu.stogram.Application.lambda$commandLineRunner$0(Application.java:23)] - Entering application
2023-05-31 14:14:42.985 INFO [http-nio-8080-exec-1] [org.apache.juli.logging.DirectJDKLog.log(DirectJDKLog.java:173)] - Initializing Spring DispatcherServlet 'dispatcherServlet'
2023-05-31 14:14:42.986 INFO [http-nio-8080-exec-1] [org.springframework.web.servlet.FrameworkServlet.initServletBean(FrameworkServlet.java:532)] - Initializing Servlet 'dispatcherServlet'
2023-05-31 14:14:42.987 INFO [http-nio-8080-exec-1] [org.springframework.web.servlet.FrameworkServlet.initServletBean(FrameworkServlet.java:554)] - Completed initialization in 1 ms
2023-05-31 14:14:43.436 INFO [http-nio-8080-exec-2] [com.zaxxer.hikari.HikariDataSource.getConnection(HikariDataSource.java:110)] - HikariPool-1 - Starting...
2023-05-31 14:14:43.499 INFO [http-nio-8080-exec-2] [com.zaxxer.hikari.pool.HikariPool.checkFailFast(HikariPool.java:565)] - HikariPool-1 - Added connection org.postgresql.jdbc.PgConnection@53aec839
2023-05-31 14:14:43.500 INFO [http-nio-8080-exec-2] [com.zaxxer.hikari.HikariDataSource.getConnection(HikariDataSource.java:123)] - HikariPool-1 - Start completed.
2023-05-31 14:16:58.871 INFO [main] [org.springframework.test.context.support.AnnotationConfigContextLoaderUtils.detectDefaultConfigurationClasses(AnnotationConfigContextLoaderUtils.java:83)] - Could not detect default configuration classes for test class [by.fmpibsu.stogram.service.ChatServiceTest]: ChatServiceTest does not declare any static, non-private, non-final, nested classes annotated with @Configuration.
2023-05-31 14:16:59.027 INFO [main] [org.springframework.boot.test.context.SpringBootTestContextBootstrapper.getOrFindConfigurationClasses(SpringBootTestContextBootstrapper.java:248)] - Found @SpringBootConfiguration by.fmpibsu.stogram.Application for test class by.fmpibsu.stogram.service.ChatServiceTest
2023-05-31 14:16:59.526 INFO [main] [org.springframework.boot.StartupInfoLogger.logStarting(StartupInfoLogger.java:51)] - Starting ChatServiceTest using Java 20.0.1 with PID 34514 (started by toharrius in /home/toharrius/labs/100gram)
2023-05-31 14:16:59.532 INFO [main] [org.springframework.boot.SpringApplication.logStartupProfileInfo(SpringApplication.java:633)] - No active profile set, falling back to 1 default profile: "default"
2023-05-31 14:17:00.603 INFO [main] [org.springframework.data.repository.config.RepositoryConfigurationDelegate.multipleStoresDetected(RepositoryConfigurationDelegate.java:291)] - Multiple Spring Data modules found, entering strict repository configuration mode
2023-05-31 14:17:00.606 INFO [main] [org.springframework.data.repository.config.RepositoryConfigurationDelegate.registerRepositoriesIn(RepositoryConfigurationDelegate.java:138)] - Bootstrapping Spring Data Redis repositories in DEFAULT mode.
2023-05-31 14:17:00.649 INFO [main] [org.springframework.data.repository.config.RepositoryConfigurationDelegate.registerRepositoriesIn(RepositoryConfigurationDelegate.java:208)] - Finished Spring Data repository scanning in 22 ms. Found 0 Redis repository interfaces.
2023-05-31 14:17:02.222 INFO [main] [org.springframework.boot.autoconfigure.web.servlet.WelcomePageHandlerMapping.<init>(WelcomePageHandlerMapping.java:57)] - Adding welcome page: class path resource [static/index.html]
2023-05-31 14:17:02.345 INFO [main] [by.fmpibsu.stogram.WebConfig.addResourceHandlers(WebConfig.java:17)] - Add Resource Handlers
2023-05-31 14:17:03.787 INFO [main] [org.springframework.boot.StartupInfoLogger.logStarted(StartupInfoLogger.java:57)] - Started ChatServiceTest in 4.58 seconds (process running for 6.759)
2023-05-31 14:17:03.791 INFO [main] [by.fmpibsu.stogram.Application.lambda$commandLineRunner$0(Application.java:23)] - Entering application
2023-05-31 14:17:05.053 ERROR [main] [org.springframework.test.context.TestContextManager.prepareTestInstance(TestContextManager.java:245)] - Caught exception while allowing TestExecutionListener [org.springframework.boot.test.mock.mockito.MockitoTestExecutionListener] to prepare test instance [by.fmpibsu.stogram.service.ChatServiceTest@3879feec]
org.mockito.exceptions.base.MockitoException: 
Cannot instantiate @InjectMocks field named 'chatService'! Cause: the type 'ChatService' is an interface.
You haven't provided the instance at field declaration so I tried to construct the instance.
Examples of correct usage of @InjectMocks:
   @InjectMocks Service service = new Service();
   @InjectMocks Service service;
   //and... don't forget about some @Mocks for injection :)

	at org.springframework.boot.test.mock.mockito.MockitoTestExecutionListener.initMocks(MockitoTestExecutionListener.java:83) ~[spring-boot-test-3.1.0.jar:3.1.0]
	at org.springframework.boot.test.mock.mockito.MockitoTestExecutionListener.prepareTestInstance(MockitoTestExecutionListener.java:60) ~[spring-boot-test-3.1.0.jar:3.1.0]
	at org.springframework.test.context.TestContextManager.prepareTestInstance(TestContextManager.java:241) ~[spring-test-6.0.9.jar:6.0.9]
	at org.springframework.test.context.junit.jupiter.SpringExtension.postProcessTestInstance(SpringExtension.java:138) ~[spring-test-6.0.9.jar:6.0.9]
	at org.junit.jupiter.engine.descriptor.ClassBasedTestDescriptor.lambda$invokeTestInstancePostProcessors$10(ClassBasedTestDescriptor.java:377) ~[junit-jupiter-engine-5.9.2.jar:5.9.2]
	at org.junit.jupiter.engine.descriptor.ClassBasedTestDescriptor.executeAndMaskThrowable(ClassBasedTestDescriptor.java:382) ~[junit-jupiter-engine-5.9.2.jar:5.9.2]
	at org.junit.jupiter.engine.descriptor.ClassBasedTestDescriptor.lambda$invokeTestInstancePostProcessors$11(ClassBasedTestDescriptor.java:377) ~[junit-jupiter-engine-5.9.2.jar:5.9.2]
	at java.util.stream.ReferencePipeline$3$1.accept(ReferencePipeline.java:197) ~[?:?]
	at java.util.stream.ReferencePipeline$2$1.accept(ReferencePipeline.java:179) ~[?:?]
	at java.util.ArrayList$ArrayListSpliterator.forEachRemaining(ArrayList.java:1625) ~[?:?]
	at java.util.stream.AbstractPipeline.copyInto(AbstractPipeline.java:509) ~[?:?]
	at java.util.stream.AbstractPipeline.wrapAndCopyInto(AbstractPipeline.java:499) ~[?:?]
	at java.util.stream.StreamSpliterators$WrappingSpliterator.forEachRemaining(StreamSpliterators.java:310) ~[?:?]
	at java.util.stream.Streams$ConcatSpliterator.forEachRemaining(Streams.java:735) ~[?:?]
	at java.util.stream.Streams$ConcatSpliterator.forEachRemaining(Streams.java:734) ~[?:?]
	at java.util.stream.ReferencePipeline$Head.forEach(ReferencePipeline.java:762) ~[?:?]
	at org.junit.jupiter.engine.descriptor.ClassBasedTestDescriptor.invokeTestInstancePostProcessors(ClassBasedTestDescriptor.java:376) ~[junit-jupiter-engine-5.9.2.jar:5.9.2]
	at org.junit.jupiter.engine.descriptor.ClassBasedTestDescriptor.lambda$instantiateAndPostProcessTestInstance$6(ClassBasedTestDescriptor.java:289) ~[junit-jupiter-engine-5.9.2.jar:5.9.2]
	at org.junit.platform.engine.support.hierarchical.ThrowableCollector.execute(ThrowableCollector.java:73) ~[junit-platform-engine-1.9.3.jar:1.9.3]
	at org.junit.jupiter.engine.descriptor.ClassBasedTestDescriptor.instantiateAndPostProcessTestInstance(ClassBasedTestDescriptor.java:288) ~[junit-jupiter-engine-5.9.2.jar:5.9.2]
	at org.junit.jupiter.engine.descriptor.ClassBasedTestDescriptor.lambda$testInstancesProvider$4(ClassBasedTestDescriptor.java:278) ~[junit-jupiter-engine-5.9.2.jar:5.9.2]
	at java.util.Optional.orElseGet(Optional.java:364) ~[?:?]
	at org.junit.jupiter.engine.descriptor.ClassBasedTestDescriptor.lambda$testInstancesProvider$5(ClassBasedTestDescriptor.java:277) ~[junit-jupiter-engine-5.9.2.jar:5.9.2]
	at org.junit.jupiter.engine.execution.TestInstancesProvider.getTestInstances(TestInstancesProvider.java:31) ~[junit-jupiter-engine-5.9.2.jar:5.9.2]
	at org.junit.jupiter.engine.descriptor.TestMethodTestDescriptor.lambda$prepare$0(TestMethodTestDescriptor.java:105) ~[junit-jupiter-engine-5.9.2.jar:5.9.2]
	at org.junit.platform.engine.support.hierarchical.ThrowableCollector.execute(ThrowableCollector.java:73) ~[junit-platform-engine-1.9.3.jar:1.9.3]
	at org.junit.jupiter.engine.descriptor.TestMethodTestDescriptor.prepare(TestMethodTestDescriptor.java:104) ~[junit-jupiter-engine-5.9.2.jar:5.9.2]
	at org.junit.jupiter.engine.descriptor.TestMethodTestDescriptor.prepare(TestMethodTestDescriptor.java:68) ~[junit-jupiter-engine-5.9.2.jar:5.9.2]
	at org.junit.platform.engine.support.hierarchical.NodeTestTask.lambda$prepare$2(NodeTestTask.java:123) ~[junit-platform-engine-1.9.3.jar:1.9.3]
	at org.junit.platform.engine.support.hierarchical.ThrowableCollector.execute(ThrowableCollector.java:73) ~[junit-platform-engine-1.9.3.jar:1.9.3]
	at org.junit.platform.engine.support.hierarchical.NodeTestTask.prepare(NodeTestTask.java:123) ~[junit-platform-engine-1.9.3.jar:1.9.3]
	at org.junit.platform.engine.support.hierarchical.NodeTestTask.execute(NodeTestTask.java:90) ~[junit-platform-engine-1.9.3.jar:1.9.3]
	at java.util.ArrayList.forEach(ArrayList.java:1511) ~[?:?]
	at org.junit.platform.engine.support.hierarchical.SameThreadHierarchicalTestExecutorService.invokeAll(SameThreadHierarchicalTestExecutorService.java:41) ~[junit-platform-engine-1.9.3.jar:1.9.3]
	at org.junit.platform.engine.support.hierarchical.NodeTestTask.lambda$executeRecursively$6(NodeTestTask.java:155) ~[junit-platform-engine-1.9.3.jar:1.9.3]
	at org.junit.platform.engine.support.hierarchical.ThrowableCollector.execute(ThrowableCollector.java:73) ~[junit-platform-engine-1.9.3.jar:1.9.3]
	at org.junit.platform.engine.support.hierarchical.NodeTestTask.lambda$executeRecursively$8(NodeTestTask.java:141) ~[junit-platform-engine-1.9.3.jar:1.9.3]
	at org.junit.platform.engine.support.hierarchical.Node.around(Node.java:137) ~[junit-platform-engine-1.9.3.jar:1.9.3]
	at org.junit.platform.engine.support.hierarchical.NodeTestTask.lambda$executeRecursively$9(NodeTestTask.java:139) ~[junit-platform-engine-1.9.3.jar:1.9.3]
	at org.junit.platform.engine.support.hierarchical.ThrowableCollector.execute(ThrowableCollector.java:73) ~[junit-platform-engine-1.9.3.jar:1.9.3]
	at org.junit.platform.engine.support.hierarchical.NodeTestTask.executeRecursively(NodeTestTask.java:138) ~[junit-platform-engine-1.9.3.jar:1.9.3]
	at org.junit.platform.engine.support.hierarchical.NodeTestTask.execute(NodeTestTask.java:95) ~[junit-platform-engine-1.9.3.jar:1.9.3]
	at java.util.ArrayList.forEach(ArrayList.java:1511) ~[?:?]
	at org.junit.platform.engine.support.hierarchical.SameThreadHierarchicalTestExecutorService.invokeAll(SameThreadHierarchicalTestExecutorService.java:41) ~[junit-platform-engine-1.9.3.jar:1.9.3]
	at org.junit.platform.engine.support.hierarchical.NodeTestTask.lambda$executeRecursively$6(NodeTestTask.java:155) ~[junit-platform-engine-1.9.3.jar:1.9.3]
	at org.junit.platform.engine.support.hierarchical.ThrowableCollector.execute(ThrowableCollector.java:73) ~[junit-platform-engine-1.9.3.jar:1.9.3]
	at org.junit.platform.engine.support.hierarchical.NodeTestTask.lambda$executeRecursively$8(NodeTestTask.java:141) ~[junit-platform-engine-1.9.3.jar:1.9.3]
	at org.junit.platform.engine.support.hierarchical.Node.around(Node.java:137) ~[junit-platform-engine-1.9.3.jar:1.9.3]
	at org.junit.platform.engine.support.hierarchical.NodeTestTask.lambda$executeRecursively$9(NodeTestTask.java:139) ~[junit-platform-engine-1.9.3.jar:1.9.3]
	at org.junit.platform.engine.support.hierarchical.ThrowableCollector.execute(ThrowableCollector.java:73) ~[junit-platform-engine-1.9.3.jar:1.9.3]
	at org.junit.platform.engine.support.hierarchical.NodeTestTask.executeRecursively(NodeTestTask.java:138) ~[junit-platform-engine-1.9.3.jar:1.9.3]
	at org.junit.platform.engine.support.hierarchical.NodeTestTask.execute(NodeTestTask.java:95) ~[junit-platform-engine-1.9.3.jar:1.9.3]
	at org.junit.platform.engine.support.hierarchical.SameThreadHierarchicalTestExecutorService.submit(SameThreadHierarchicalTestExecutorService.java:35) ~[junit-platform-engine-1.9.3.jar:1.9.3]
	at org.junit.platform.engine.support.hierarchical.HierarchicalTestExecutor.execute(HierarchicalTestExecutor.java:57) ~[junit-platform-engine-1.9.3.jar:1.9.3]
	at org.junit.platform.engine.support.hierarchical.HierarchicalTestEngine.execute(HierarchicalTestEngine.java:54) ~[junit-platform-engine-1.9.3.jar:1.9.3]
	at org.junit.platform.launcher.core.EngineExecutionOrchestrator.execute(EngineExecutionOrchestrator.java:147) ~[junit-platform-launcher-1.9.3.jar:1.9.3]
	at org.junit.platform.launcher.core.EngineExecutionOrchestrator.execute(EngineExecutionOrchestrator.java:127) ~[junit-platform-launcher-1.9.3.jar:1.9.3]
	at org.junit.platform.launcher.core.EngineExecutionOrchestrator.execute(EngineExecutionOrchestrator.java:90) ~[junit-platform-launcher-1.9.3.jar:1.9.3]
	at org.junit.platform.launcher.core.EngineExecutionOrchestrator.lambda$execute$0(EngineExecutionOrchestrator.java:55) ~[junit-platform-launcher-1.9.3.jar:1.9.3]
	at org.junit.platform.launcher.core.EngineExecutionOrchestrator.withInterceptedStreams(EngineExecutionOrchestrator.java:102) [junit-platform-launcher-1.9.3.jar:1.9.3]
	at org.junit.platform.launcher.core.EngineExecutionOrchestrator.execute(EngineExecutionOrchestrator.java:54) [junit-platform-launcher-1.9.3.jar:1.9.3]
	at org.junit.platform.launcher.core.DefaultLauncher.execute(DefaultLauncher.java:114) [junit-platform-launcher-1.9.3.jar:1.9.3]
	at org.junit.platform.launcher.core.DefaultLauncher.execute(DefaultLauncher.java:86) [junit-platform-launcher-1.9.3.jar:1.9.3]
	at org.junit.platform.launcher.core.DefaultLauncherSession$DelegatingLauncher.execute(DefaultLauncherSession.java:86) [junit-platform-launcher-1.9.3.jar:1.9.3]
	at org.junit.platform.launcher.core.SessionPerRequestLauncher.execute(SessionPerRequestLauncher.java:53) [junit-platform-launcher-1.9.3.jar:1.9.3]
	at com.intellij.junit5.JUnit5IdeaTestRunner.startRunnerWithArgs(JUnit5IdeaTestRunner.java:57) [junit5-rt.jar:?]
	at com.intellij.rt.junit.IdeaTestRunner$Repeater$1.execute(IdeaTestRunner.java:38) [junit-rt.jar:?]
	at com.intellij.rt.execution.junit.TestsRepeater.repeat(TestsRepeater.java:11) [idea_rt.jar:?]
	at com.intellij.rt.junit.IdeaTestRunner$Repeater.startRunnerWithArgs(IdeaTestRunner.java:35) [junit-rt.jar:?]
	at com.intellij.rt.junit.JUnitStarter.prepareStreamsAndStart(JUnitStarter.java:232) [junit-rt.jar:?]
	at com.intellij.rt.junit.JUnitStarter.main(JUnitStarter.java:55) [junit-rt.jar:?]
2023-05-31 14:17:05.120 ERROR [main] [org.springframework.test.context.TestContextManager.prepareTestInstance(TestContextManager.java:245)] - Caught exception while allowing TestExecutionListener [org.springframework.boot.test.mock.mockito.MockitoTestExecutionListener] to prepare test instance [by.fmpibsu.stogram.service.ChatServiceTest@1be4a7e3]
org.mockito.exceptions.base.MockitoException: 
Cannot instantiate @InjectMocks field named 'chatService'! Cause: the type 'ChatService' is an interface.
You haven't provided the instance at field declaration so I tried to construct the instance.
Examples of correct usage of @InjectMocks:
   @InjectMocks Service service = new Service();
   @InjectMocks Service service;
   //and... don't forget about some @Mocks for injection :)

	at org.springframework.boot.test.mock.mockito.MockitoTestExecutionListener.initMocks(MockitoTestExecutionListener.java:83) ~[spring-boot-test-3.1.0.jar:3.1.0]
	at org.springframework.boot.test.mock.mockito.MockitoTestExecutionListener.prepareTestInstance(MockitoTestExecutionListener.java:60) ~[spring-boot-test-3.1.0.jar:3.1.0]
	at org.springframework.test.context.TestContextManager.prepareTestInstance(TestContextManager.java:241) ~[spring-test-6.0.9.jar:6.0.9]
	at org.springframework.test.context.junit.jupiter.SpringExtension.postProcessTestInstance(SpringExtension.java:138) ~[spring-test-6.0.9.jar:6.0.9]
	at org.junit.jupiter.engine.descriptor.ClassBasedTestDescriptor.lambda$invokeTestInstancePostProcessors$10(ClassBasedTestDescriptor.java:377) ~[junit-jupiter-engine-5.9.2.jar:5.9.2]
	at org.junit.jupiter.engine.descriptor.ClassBasedTestDescriptor.executeAndMaskThrowable(ClassBasedTestDescriptor.java:382) ~[junit-jupiter-engine-5.9.2.jar:5.9.2]
	at org.junit.jupiter.engine.descriptor.ClassBasedTestDescriptor.lambda$invokeTestInstancePostProcessors$11(ClassBasedTestDescriptor.java:377) ~[junit-jupiter-engine-5.9.2.jar:5.9.2]
	at java.util.stream.ReferencePipeline$3$1.accept(ReferencePipeline.java:197) ~[?:?]
	at java.util.stream.ReferencePipeline$2$1.accept(ReferencePipeline.java:179) ~[?:?]
	at java.util.ArrayList$ArrayListSpliterator.forEachRemaining(ArrayList.java:1625) ~[?:?]
	at java.util.stream.AbstractPipeline.copyInto(AbstractPipeline.java:509) ~[?:?]
	at java.util.stream.AbstractPipeline.wrapAndCopyInto(AbstractPipeline.java:499) ~[?:?]
	at java.util.stream.StreamSpliterators$WrappingSpliterator.forEachRemaining(StreamSpliterators.java:310) ~[?:?]
	at java.util.stream.Streams$ConcatSpliterator.forEachRemaining(Streams.java:735) ~[?:?]
	at java.util.stream.Streams$ConcatSpliterator.forEachRemaining(Streams.java:734) ~[?:?]
	at java.util.stream.ReferencePipeline$Head.forEach(ReferencePipeline.java:762) ~[?:?]
	at org.junit.jupiter.engine.descriptor.ClassBasedTestDescriptor.invokeTestInstancePostProcessors(ClassBasedTestDescriptor.java:376) ~[junit-jupiter-engine-5.9.2.jar:5.9.2]
	at org.junit.jupiter.engine.descriptor.ClassBasedTestDescriptor.lambda$instantiateAndPostProcessTestInstance$6(ClassBasedTestDescriptor.java:289) ~[junit-jupiter-engine-5.9.2.jar:5.9.2]
	at org.junit.platform.engine.support.hierarchical.ThrowableCollector.execute(ThrowableCollector.java:73) ~[junit-platform-engine-1.9.3.jar:1.9.3]
	at org.junit.jupiter.engine.descriptor.ClassBasedTestDescriptor.instantiateAndPostProcessTestInstance(ClassBasedTestDescriptor.java:288) ~[junit-jupiter-engine-5.9.2.jar:5.9.2]
	at org.junit.jupiter.engine.descriptor.ClassBasedTestDescriptor.lambda$testInstancesProvider$4(ClassBasedTestDescriptor.java:278) ~[junit-jupiter-engine-5.9.2.jar:5.9.2]
	at java.util.Optional.orElseGet(Optional.java:364) ~[?:?]
	at org.junit.jupiter.engine.descriptor.ClassBasedTestDescriptor.lambda$testInstancesProvider$5(ClassBasedTestDescriptor.java:277) ~[junit-jupiter-engine-5.9.2.jar:5.9.2]
	at org.junit.jupiter.engine.execution.TestInstancesProvider.getTestInstances(TestInstancesProvider.java:31) ~[junit-jupiter-engine-5.9.2.jar:5.9.2]
	at org.junit.jupiter.engine.descriptor.TestMethodTestDescriptor.lambda$prepare$0(TestMethodTestDescriptor.java:105) ~[junit-jupiter-engine-5.9.2.jar:5.9.2]
	at org.junit.platform.engine.support.hierarchical.ThrowableCollector.execute(ThrowableCollector.java:73) ~[junit-platform-engine-1.9.3.jar:1.9.3]
	at org.junit.jupiter.engine.descriptor.TestMethodTestDescriptor.prepare(TestMethodTestDescriptor.java:104) ~[junit-jupiter-engine-5.9.2.jar:5.9.2]
	at org.junit.jupiter.engine.descriptor.TestMethodTestDescriptor.prepare(TestMethodTestDescriptor.java:68) ~[junit-jupiter-engine-5.9.2.jar:5.9.2]
	at org.junit.platform.engine.support.hierarchical.NodeTestTask.lambda$prepare$2(NodeTestTask.java:123) ~[junit-platform-engine-1.9.3.jar:1.9.3]
	at org.junit.platform.engine.support.hierarchical.ThrowableCollector.execute(ThrowableCollector.java:73) ~[junit-platform-engine-1.9.3.jar:1.9.3]
	at org.junit.platform.engine.support.hierarchical.NodeTestTask.prepare(NodeTestTask.java:123) ~[junit-platform-engine-1.9.3.jar:1.9.3]
	at org.junit.platform.engine.support.hierarchical.NodeTestTask.execute(NodeTestTask.java:90) ~[junit-platform-engine-1.9.3.jar:1.9.3]
	at java.util.ArrayList.forEach(ArrayList.java:1511) ~[?:?]
	at org.junit.platform.engine.support.hierarchical.SameThreadHierarchicalTestExecutorService.invokeAll(SameThreadHierarchicalTestExecutorService.java:41) ~[junit-platform-engine-1.9.3.jar:1.9.3]
	at org.junit.platform.engine.support.hierarchical.NodeTestTask.lambda$executeRecursively$6(NodeTestTask.java:155) ~[junit-platform-engine-1.9.3.jar:1.9.3]
	at org.junit.platform.engine.support.hierarchical.ThrowableCollector.execute(ThrowableCollector.java:73) ~[junit-platform-engine-1.9.3.jar:1.9.3]
	at org.junit.platform.engine.support.hierarchical.NodeTestTask.lambda$executeRecursively$8(NodeTestTask.java:141) ~[junit-platform-engine-1.9.3.jar:1.9.3]
	at org.junit.platform.engine.support.hierarchical.Node.around(Node.java:137) ~[junit-platform-engine-1.9.3.jar:1.9.3]
	at org.junit.platform.engine.support.hierarchical.NodeTestTask.lambda$executeRecursively$9(NodeTestTask.java:139) ~[junit-platform-engine-1.9.3.jar:1.9.3]
	at org.junit.platform.engine.support.hierarchical.ThrowableCollector.execute(ThrowableCollector.java:73) ~[junit-platform-engine-1.9.3.jar:1.9.3]
	at org.junit.platform.engine.support.hierarchical.NodeTestTask.executeRecursively(NodeTestTask.java:138) ~[junit-platform-engine-1.9.3.jar:1.9.3]
	at org.junit.platform.engine.support.hierarchical.NodeTestTask.execute(NodeTestTask.java:95) ~[junit-platform-engine-1.9.3.jar:1.9.3]
	at java.util.ArrayList.forEach(ArrayList.java:1511) ~[?:?]
	at org.junit.platform.engine.support.hierarchical.SameThreadHierarchicalTestExecutorService.invokeAll(SameThreadHierarchicalTestExecutorService.java:41) ~[junit-platform-engine-1.9.3.jar:1.9.3]
	at org.junit.platform.engine.support.hierarchical.NodeTestTask.lambda$executeRecursively$6(NodeTestTask.java:155) ~[junit-platform-engine-1.9.3.jar:1.9.3]
	at org.junit.platform.engine.support.hierarchical.ThrowableCollector.execute(ThrowableCollector.java:73) ~[junit-platform-engine-1.9.3.jar:1.9.3]
	at org.junit.platform.engine.support.hierarchical.NodeTestTask.lambda$executeRecursively$8(NodeTestTask.java:141) ~[junit-platform-engine-1.9.3.jar:1.9.3]
	at org.junit.platform.engine.support.hierarchical.Node.around(Node.java:137) ~[junit-platform-engine-1.9.3.jar:1.9.3]
	at org.junit.platform.engine.support.hierarchical.NodeTestTask.lambda$executeRecursively$9(NodeTestTask.java:139) ~[junit-platform-engine-1.9.3.jar:1.9.3]
	at org.junit.platform.engine.support.hierarchical.ThrowableCollector.execute(ThrowableCollector.java:73) ~[junit-platform-engine-1.9.3.jar:1.9.3]
	at org.junit.platform.engine.support.hierarchical.NodeTestTask.executeRecursively(NodeTestTask.java:138) ~[junit-platform-engine-1.9.3.jar:1.9.3]
	at org.junit.platform.engine.support.hierarchical.NodeTestTask.execute(NodeTestTask.java:95) ~[junit-platform-engine-1.9.3.jar:1.9.3]
	at org.junit.platform.engine.support.hierarchical.SameThreadHierarchicalTestExecutorService.submit(SameThreadHierarchicalTestExecutorService.java:35) ~[junit-platform-engine-1.9.3.jar:1.9.3]
	at org.junit.platform.engine.support.hierarchical.HierarchicalTestExecutor.execute(HierarchicalTestExecutor.java:57) ~[junit-platform-engine-1.9.3.jar:1.9.3]
	at org.junit.platform.engine.support.hierarchical.HierarchicalTestEngine.execute(HierarchicalTestEngine.java:54) ~[junit-platform-engine-1.9.3.jar:1.9.3]
	at org.junit.platform.launcher.core.EngineExecutionOrchestrator.execute(EngineExecutionOrchestrator.java:147) ~[junit-platform-launcher-1.9.3.jar:1.9.3]
	at org.junit.platform.launcher.core.EngineExecutionOrchestrator.execute(EngineExecutionOrchestrator.java:127) ~[junit-platform-launcher-1.9.3.jar:1.9.3]
	at org.junit.platform.launcher.core.EngineExecutionOrchestrator.execute(EngineExecutionOrchestrator.java:90) ~[junit-platform-launcher-1.9.3.jar:1.9.3]
	at org.junit.platform.launcher.core.EngineExecutionOrchestrator.lambda$execute$0(EngineExecutionOrchestrator.java:55) ~[junit-platform-launcher-1.9.3.jar:1.9.3]
	at org.junit.platform.launcher.core.EngineExecutionOrchestrator.withInterceptedStreams(EngineExecutionOrchestrator.java:102) [junit-platform-launcher-1.9.3.jar:1.9.3]
	at org.junit.platform.launcher.core.EngineExecutionOrchestrator.execute(EngineExecutionOrchestrator.java:54) [junit-platform-launcher-1.9.3.jar:1.9.3]
	at org.junit.platform.launcher.core.DefaultLauncher.execute(DefaultLauncher.java:114) [junit-platform-launcher-1.9.3.jar:1.9.3]
	at org.junit.platform.launcher.core.DefaultLauncher.execute(DefaultLauncher.java:86) [junit-platform-launcher-1.9.3.jar:1.9.3]
	at org.junit.platform.launcher.core.DefaultLauncherSession$DelegatingLauncher.execute(DefaultLauncherSession.java:86) [junit-platform-launcher-1.9.3.jar:1.9.3]
	at org.junit.platform.launcher.core.SessionPerRequestLauncher.execute(SessionPerRequestLauncher.java:53) [junit-platform-launcher-1.9.3.jar:1.9.3]
	at com.intellij.junit5.JUnit5IdeaTestRunner.startRunnerWithArgs(JUnit5IdeaTestRunner.java:57) [junit5-rt.jar:?]
	at com.intellij.rt.junit.IdeaTestRunner$Repeater$1.execute(IdeaTestRunner.java:38) [junit-rt.jar:?]
	at com.intellij.rt.execution.junit.TestsRepeater.repeat(TestsRepeater.java:11) [idea_rt.jar:?]
	at com.intellij.rt.junit.IdeaTestRunner$Repeater.startRunnerWithArgs(IdeaTestRunner.java:35) [junit-rt.jar:?]
	at com.intellij.rt.junit.JUnitStarter.prepareStreamsAndStart(JUnitStarter.java:232) [junit-rt.jar:?]
	at com.intellij.rt.junit.JUnitStarter.main(JUnitStarter.java:55) [junit-rt.jar:?]
2023-05-31 14:18:00.618 INFO [main] [org.springframework.test.context.support.AnnotationConfigContextLoaderUtils.detectDefaultConfigurationClasses(AnnotationConfigContextLoaderUtils.java:83)] - Could not detect default configuration classes for test class [by.fmpibsu.stogram.service.ChatServiceTest]: ChatServiceTest does not declare any static, non-private, non-final, nested classes annotated with @Configuration.
2023-05-31 14:18:00.767 INFO [main] [org.springframework.boot.test.context.SpringBootTestContextBootstrapper.getOrFindConfigurationClasses(SpringBootTestContextBootstrapper.java:248)] - Found @SpringBootConfiguration by.fmpibsu.stogram.Application for test class by.fmpibsu.stogram.service.ChatServiceTest
2023-05-31 14:18:01.285 INFO [main] [org.springframework.boot.StartupInfoLogger.logStarting(StartupInfoLogger.java:51)] - Starting ChatServiceTest using Java 20.0.1 with PID 34809 (started by toharrius in /home/toharrius/labs/100gram)
2023-05-31 14:18:01.290 INFO [main] [org.springframework.boot.SpringApplication.logStartupProfileInfo(SpringApplication.java:633)] - No active profile set, falling back to 1 default profile: "default"
2023-05-31 14:18:02.535 INFO [main] [org.springframework.data.repository.config.RepositoryConfigurationDelegate.multipleStoresDetected(RepositoryConfigurationDelegate.java:291)] - Multiple Spring Data modules found, entering strict repository configuration mode
2023-05-31 14:18:02.538 INFO [main] [org.springframework.data.repository.config.RepositoryConfigurationDelegate.registerRepositoriesIn(RepositoryConfigurationDelegate.java:138)] - Bootstrapping Spring Data Redis repositories in DEFAULT mode.
2023-05-31 14:18:02.586 INFO [main] [org.springframework.data.repository.config.RepositoryConfigurationDelegate.registerRepositoriesIn(RepositoryConfigurationDelegate.java:208)] - Finished Spring Data repository scanning in 18 ms. Found 0 Redis repository interfaces.
2023-05-31 14:18:04.192 INFO [main] [org.springframework.boot.autoconfigure.web.servlet.WelcomePageHandlerMapping.<init>(WelcomePageHandlerMapping.java:57)] - Adding welcome page: class path resource [static/index.html]
2023-05-31 14:18:04.318 INFO [main] [by.fmpibsu.stogram.WebConfig.addResourceHandlers(WebConfig.java:17)] - Add Resource Handlers
2023-05-31 14:18:05.557 INFO [main] [org.springframework.boot.StartupInfoLogger.logStarted(StartupInfoLogger.java:57)] - Started ChatServiceTest in 4.592 seconds (process running for 6.911)
2023-05-31 14:18:05.560 INFO [main] [by.fmpibsu.stogram.Application.lambda$commandLineRunner$0(Application.java:23)] - Entering application
2023-05-31 14:18:06.847 INFO [main] [com.zaxxer.hikari.HikariDataSource.getConnection(HikariDataSource.java:110)] - HikariPool-1 - Starting...
2023-05-31 14:18:06.987 INFO [main] [com.zaxxer.hikari.pool.HikariPool.checkFailFast(HikariPool.java:565)] - HikariPool-1 - Added connection org.postgresql.jdbc.PgConnection@2bee1c13
2023-05-31 14:18:06.990 INFO [main] [com.zaxxer.hikari.HikariDataSource.getConnection(HikariDataSource.java:123)] - HikariPool-1 - Start completed.
2023-05-31 14:18:07.213 INFO [SpringApplicationShutdownHook] [com.zaxxer.hikari.HikariDataSource.close(HikariDataSource.java:350)] - HikariPool-1 - Shutdown initiated...
2023-05-31 14:18:07.222 INFO [SpringApplicationShutdownHook] [com.zaxxer.hikari.HikariDataSource.close(HikariDataSource.java:352)] - HikariPool-1 - Shutdown completed.
2023-05-31 14:19:50.098 INFO [main] [org.springframework.test.context.support.AnnotationConfigContextLoaderUtils.detectDefaultConfigurationClasses(AnnotationConfigContextLoaderUtils.java:83)] - Could not detect default configuration classes for test class [by.fmpibsu.stogram.service.ChatServiceTest]: ChatServiceTest does not declare any static, non-private, non-final, nested classes annotated with @Configuration.
2023-05-31 14:19:50.277 INFO [main] [org.springframework.boot.test.context.SpringBootTestContextBootstrapper.getOrFindConfigurationClasses(SpringBootTestContextBootstrapper.java:248)] - Found @SpringBootConfiguration by.fmpibsu.stogram.Application for test class by.fmpibsu.stogram.service.ChatServiceTest
2023-05-31 14:19:50.853 INFO [main] [org.springframework.boot.StartupInfoLogger.logStarting(StartupInfoLogger.java:51)] - Starting ChatServiceTest using Java 20.0.1 with PID 35141 (started by toharrius in /home/toharrius/labs/100gram)
2023-05-31 14:19:50.858 INFO [main] [org.springframework.boot.SpringApplication.logStartupProfileInfo(SpringApplication.java:633)] - No active profile set, falling back to 1 default profile: "default"
2023-05-31 14:19:52.051 INFO [main] [org.springframework.data.repository.config.RepositoryConfigurationDelegate.multipleStoresDetected(RepositoryConfigurationDelegate.java:291)] - Multiple Spring Data modules found, entering strict repository configuration mode
2023-05-31 14:19:52.055 INFO [main] [org.springframework.data.repository.config.RepositoryConfigurationDelegate.registerRepositoriesIn(RepositoryConfigurationDelegate.java:138)] - Bootstrapping Spring Data Redis repositories in DEFAULT mode.
2023-05-31 14:19:52.107 INFO [main] [org.springframework.data.repository.config.RepositoryConfigurationDelegate.registerRepositoriesIn(RepositoryConfigurationDelegate.java:208)] - Finished Spring Data repository scanning in 23 ms. Found 0 Redis repository interfaces.
2023-05-31 14:19:54.158 INFO [main] [org.springframework.boot.autoconfigure.web.servlet.WelcomePageHandlerMapping.<init>(WelcomePageHandlerMapping.java:57)] - Adding welcome page: class path resource [static/index.html]
2023-05-31 14:19:54.292 INFO [main] [by.fmpibsu.stogram.WebConfig.addResourceHandlers(WebConfig.java:17)] - Add Resource Handlers
2023-05-31 14:19:55.895 INFO [main] [org.springframework.boot.StartupInfoLogger.logStarted(StartupInfoLogger.java:57)] - Started ChatServiceTest in 5.396 seconds (process running for 8.058)
2023-05-31 14:19:55.899 INFO [main] [by.fmpibsu.stogram.Application.lambda$commandLineRunner$0(Application.java:23)] - Entering application
2023-05-31 14:20:11.563 INFO [main] [com.zaxxer.hikari.HikariDataSource.getConnection(HikariDataSource.java:110)] - HikariPool-1 - Starting...
2023-05-31 14:20:12.022 INFO [main] [com.zaxxer.hikari.pool.HikariPool.checkFailFast(HikariPool.java:565)] - HikariPool-1 - Added connection org.postgresql.jdbc.PgConnection@297454f7
2023-05-31 14:20:12.032 INFO [main] [com.zaxxer.hikari.HikariDataSource.getConnection(HikariDataSource.java:123)] - HikariPool-1 - Start completed.
2023-05-31 14:20:58.536 WARN [HikariPool-1 housekeeper] [com.zaxxer.hikari.pool.HikariPool$HouseKeeper.run(HikariPool.java:804)] - HikariPool-1 - Thread starvation or clock leap detected (housekeeper delta=46s403ms569µs583ns).
2023-05-31 14:20:58.609 INFO [SpringApplicationShutdownHook] [com.zaxxer.hikari.HikariDataSource.close(HikariDataSource.java:350)] - HikariPool-1 - Shutdown initiated...
2023-05-31 14:20:58.614 INFO [SpringApplicationShutdownHook] [com.zaxxer.hikari.HikariDataSource.close(HikariDataSource.java:352)] - HikariPool-1 - Shutdown completed.
2023-05-31 14:20:58.615 ERROR [main] [org.springframework.test.context.TestContextManager.prepareTestInstance(TestContextManager.java:245)] - Caught exception while allowing TestExecutionListener [org.springframework.test.context.support.DependencyInjectionTestExecutionListener] to prepare test instance [by.fmpibsu.stogram.service.ChatServiceTest@5e663ab]
org.springframework.beans.factory.BeanCreationNotAllowedException: Error creating bean with name 'chatServiceImpl': Singleton bean creation not allowed while singletons of this factory are in destruction (Do not request a bean from a BeanFactory in a destroy method implementation!)
	at org.springframework.beans.factory.support.DefaultSingletonBeanRegistry.getSingleton(DefaultSingletonBeanRegistry.java:220) ~[spring-beans-6.0.9.jar:6.0.9]
	at org.springframework.beans.factory.support.AbstractBeanFactory.doGetBean(AbstractBeanFactory.java:324) ~[spring-beans-6.0.9.jar:6.0.9]
	at org.springframework.beans.factory.support.AbstractBeanFactory.getBean(AbstractBeanFactory.java:205) ~[spring-beans-6.0.9.jar:6.0.9]
	at org.springframework.beans.factory.annotation.AutowiredAnnotationBeanPostProcessor$ShortcutDependencyDescriptor.resolveShortcut(AutowiredAnnotationBeanPostProcessor.java:869) ~[spring-beans-6.0.9.jar:6.0.9]
	at org.springframework.beans.factory.support.DefaultListableBeanFactory.doResolveDependency(DefaultListableBeanFactory.java:1349) ~[spring-beans-6.0.9.jar:6.0.9]
	at org.springframework.beans.factory.support.DefaultListableBeanFactory.resolveDependency(DefaultListableBeanFactory.java:1337) ~[spring-beans-6.0.9.jar:6.0.9]
	at org.springframework.beans.factory.annotation.AutowiredAnnotationBeanPostProcessor.resolvedCachedArgument(AutowiredAnnotationBeanPostProcessor.java:643) ~[spring-beans-6.0.9.jar:6.0.9]
	at org.springframework.beans.factory.annotation.AutowiredAnnotationBeanPostProcessor$AutowiredFieldElement.inject(AutowiredAnnotationBeanPostProcessor.java:685) ~[spring-beans-6.0.9.jar:6.0.9]
	at org.springframework.beans.factory.annotation.InjectionMetadata.inject(InjectionMetadata.java:133) ~[spring-beans-6.0.9.jar:6.0.9]
	at org.springframework.beans.factory.annotation.AutowiredAnnotationBeanPostProcessor.postProcessProperties(AutowiredAnnotationBeanPostProcessor.java:482) ~[spring-beans-6.0.9.jar:6.0.9]
	at org.springframework.beans.factory.support.AbstractAutowireCapableBeanFactory.populateBean(AbstractAutowireCapableBeanFactory.java:1416) ~[spring-beans-6.0.9.jar:6.0.9]
	at org.springframework.beans.factory.support.AbstractAutowireCapableBeanFactory.autowireBeanProperties(AbstractAutowireCapableBeanFactory.java:396) ~[spring-beans-6.0.9.jar:6.0.9]
	at org.springframework.test.context.support.DependencyInjectionTestExecutionListener.injectDependencies(DependencyInjectionTestExecutionListener.java:142) ~[spring-test-6.0.9.jar:6.0.9]
	at org.springframework.test.context.support.DependencyInjectionTestExecutionListener.prepareTestInstance(DependencyInjectionTestExecutionListener.java:97) ~[spring-test-6.0.9.jar:6.0.9]
	at org.springframework.test.context.TestContextManager.prepareTestInstance(TestContextManager.java:241) ~[spring-test-6.0.9.jar:6.0.9]
	at org.springframework.test.context.junit.jupiter.SpringExtension.postProcessTestInstance(SpringExtension.java:138) ~[spring-test-6.0.9.jar:6.0.9]
	at org.junit.jupiter.engine.descriptor.ClassBasedTestDescriptor.lambda$invokeTestInstancePostProcessors$10(ClassBasedTestDescriptor.java:377) ~[junit-jupiter-engine-5.9.2.jar:5.9.2]
	at org.junit.jupiter.engine.descriptor.ClassBasedTestDescriptor.executeAndMaskThrowable(ClassBasedTestDescriptor.java:382) ~[junit-jupiter-engine-5.9.2.jar:5.9.2]
	at org.junit.jupiter.engine.descriptor.ClassBasedTestDescriptor.lambda$invokeTestInstancePostProcessors$11(ClassBasedTestDescriptor.java:377) ~[junit-jupiter-engine-5.9.2.jar:5.9.2]
	at java.util.stream.ReferencePipeline$3$1.accept(ReferencePipeline.java:197) ~[?:?]
	at java.util.stream.ReferencePipeline$2$1.accept(ReferencePipeline.java:179) ~[?:?]
	at java.util.ArrayList$ArrayListSpliterator.forEachRemaining(ArrayList.java:1625) ~[?:?]
	at java.util.stream.AbstractPipeline.copyInto(AbstractPipeline.java:509) ~[?:?]
	at java.util.stream.AbstractPipeline.wrapAndCopyInto(AbstractPipeline.java:499) ~[?:?]
	at java.util.stream.StreamSpliterators$WrappingSpliterator.forEachRemaining(StreamSpliterators.java:310) ~[?:?]
	at java.util.stream.Streams$ConcatSpliterator.forEachRemaining(Streams.java:735) ~[?:?]
	at java.util.stream.Streams$ConcatSpliterator.forEachRemaining(Streams.java:734) ~[?:?]
	at java.util.stream.ReferencePipeline$Head.forEach(ReferencePipeline.java:762) ~[?:?]
	at org.junit.jupiter.engine.descriptor.ClassBasedTestDescriptor.invokeTestInstancePostProcessors(ClassBasedTestDescriptor.java:376) ~[junit-jupiter-engine-5.9.2.jar:5.9.2]
	at org.junit.jupiter.engine.descriptor.ClassBasedTestDescriptor.lambda$instantiateAndPostProcessTestInstance$6(ClassBasedTestDescriptor.java:289) ~[junit-jupiter-engine-5.9.2.jar:5.9.2]
	at org.junit.platform.engine.support.hierarchical.ThrowableCollector.execute(ThrowableCollector.java:73) ~[junit-platform-engine-1.9.3.jar:1.9.3]
	at org.junit.jupiter.engine.descriptor.ClassBasedTestDescriptor.instantiateAndPostProcessTestInstance(ClassBasedTestDescriptor.java:288) ~[junit-jupiter-engine-5.9.2.jar:5.9.2]
	at org.junit.jupiter.engine.descriptor.ClassBasedTestDescriptor.lambda$testInstancesProvider$4(ClassBasedTestDescriptor.java:278) ~[junit-jupiter-engine-5.9.2.jar:5.9.2]
	at java.util.Optional.orElseGet(Optional.java:364) ~[?:?]
	at org.junit.jupiter.engine.descriptor.ClassBasedTestDescriptor.lambda$testInstancesProvider$5(ClassBasedTestDescriptor.java:277) ~[junit-jupiter-engine-5.9.2.jar:5.9.2]
	at org.junit.jupiter.engine.execution.TestInstancesProvider.getTestInstances(TestInstancesProvider.java:31) ~[junit-jupiter-engine-5.9.2.jar:5.9.2]
	at org.junit.jupiter.engine.descriptor.TestMethodTestDescriptor.lambda$prepare$0(TestMethodTestDescriptor.java:105) ~[junit-jupiter-engine-5.9.2.jar:5.9.2]
	at org.junit.platform.engine.support.hierarchical.ThrowableCollector.execute(ThrowableCollector.java:73) ~[junit-platform-engine-1.9.3.jar:1.9.3]
	at org.junit.jupiter.engine.descriptor.TestMethodTestDescriptor.prepare(TestMethodTestDescriptor.java:104) ~[junit-jupiter-engine-5.9.2.jar:5.9.2]
	at org.junit.jupiter.engine.descriptor.TestMethodTestDescriptor.prepare(TestMethodTestDescriptor.java:68) ~[junit-jupiter-engine-5.9.2.jar:5.9.2]
	at org.junit.platform.engine.support.hierarchical.NodeTestTask.lambda$prepare$2(NodeTestTask.java:123) ~[junit-platform-engine-1.9.3.jar:1.9.3]
	at org.junit.platform.engine.support.hierarchical.ThrowableCollector.execute(ThrowableCollector.java:73) ~[junit-platform-engine-1.9.3.jar:1.9.3]
	at org.junit.platform.engine.support.hierarchical.NodeTestTask.prepare(NodeTestTask.java:123) ~[junit-platform-engine-1.9.3.jar:1.9.3]
	at org.junit.platform.engine.support.hierarchical.NodeTestTask.execute(NodeTestTask.java:90) ~[junit-platform-engine-1.9.3.jar:1.9.3]
	at java.util.ArrayList.forEach(ArrayList.java:1511) ~[?:?]
	at org.junit.platform.engine.support.hierarchical.SameThreadHierarchicalTestExecutorService.invokeAll(SameThreadHierarchicalTestExecutorService.java:41) ~[junit-platform-engine-1.9.3.jar:1.9.3]
	at org.junit.platform.engine.support.hierarchical.NodeTestTask.lambda$executeRecursively$6(NodeTestTask.java:155) ~[junit-platform-engine-1.9.3.jar:1.9.3]
	at org.junit.platform.engine.support.hierarchical.ThrowableCollector.execute(ThrowableCollector.java:73) ~[junit-platform-engine-1.9.3.jar:1.9.3]
	at org.junit.platform.engine.support.hierarchical.NodeTestTask.lambda$executeRecursively$8(NodeTestTask.java:141) ~[junit-platform-engine-1.9.3.jar:1.9.3]
	at org.junit.platform.engine.support.hierarchical.Node.around(Node.java:137) ~[junit-platform-engine-1.9.3.jar:1.9.3]
	at org.junit.platform.engine.support.hierarchical.NodeTestTask.lambda$executeRecursively$9(NodeTestTask.java:139) ~[junit-platform-engine-1.9.3.jar:1.9.3]
	at org.junit.platform.engine.support.hierarchical.ThrowableCollector.execute(ThrowableCollector.java:73) ~[junit-platform-engine-1.9.3.jar:1.9.3]
	at org.junit.platform.engine.support.hierarchical.NodeTestTask.executeRecursively(NodeTestTask.java:138) ~[junit-platform-engine-1.9.3.jar:1.9.3]
	at org.junit.platform.engine.support.hierarchical.NodeTestTask.execute(NodeTestTask.java:95) ~[junit-platform-engine-1.9.3.jar:1.9.3]
	at java.util.ArrayList.forEach(ArrayList.java:1511) ~[?:?]
	at org.junit.platform.engine.support.hierarchical.SameThreadHierarchicalTestExecutorService.invokeAll(SameThreadHierarchicalTestExecutorService.java:41) ~[junit-platform-engine-1.9.3.jar:1.9.3]
	at org.junit.platform.engine.support.hierarchical.NodeTestTask.lambda$executeRecursively$6(NodeTestTask.java:155) ~[junit-platform-engine-1.9.3.jar:1.9.3]
	at org.junit.platform.engine.support.hierarchical.ThrowableCollector.execute(ThrowableCollector.java:73) ~[junit-platform-engine-1.9.3.jar:1.9.3]
	at org.junit.platform.engine.support.hierarchical.NodeTestTask.lambda$executeRecursively$8(NodeTestTask.java:141) ~[junit-platform-engine-1.9.3.jar:1.9.3]
	at org.junit.platform.engine.support.hierarchical.Node.around(Node.java:137) ~[junit-platform-engine-1.9.3.jar:1.9.3]
	at org.junit.platform.engine.support.hierarchical.NodeTestTask.lambda$executeRecursively$9(NodeTestTask.java:139) ~[junit-platform-engine-1.9.3.jar:1.9.3]
	at org.junit.platform.engine.support.hierarchical.ThrowableCollector.execute(ThrowableCollector.java:73) ~[junit-platform-engine-1.9.3.jar:1.9.3]
	at org.junit.platform.engine.support.hierarchical.NodeTestTask.executeRecursively(NodeTestTask.java:138) ~[junit-platform-engine-1.9.3.jar:1.9.3]
	at org.junit.platform.engine.support.hierarchical.NodeTestTask.execute(NodeTestTask.java:95) ~[junit-platform-engine-1.9.3.jar:1.9.3]
	at org.junit.platform.engine.support.hierarchical.SameThreadHierarchicalTestExecutorService.submit(SameThreadHierarchicalTestExecutorService.java:35) ~[junit-platform-engine-1.9.3.jar:1.9.3]
	at org.junit.platform.engine.support.hierarchical.HierarchicalTestExecutor.execute(HierarchicalTestExecutor.java:57) ~[junit-platform-engine-1.9.3.jar:1.9.3]
	at org.junit.platform.engine.support.hierarchical.HierarchicalTestEngine.execute(HierarchicalTestEngine.java:54) ~[junit-platform-engine-1.9.3.jar:1.9.3]
	at org.junit.platform.launcher.core.EngineExecutionOrchestrator.execute(EngineExecutionOrchestrator.java:147) ~[junit-platform-launcher-1.9.3.jar:1.9.3]
	at org.junit.platform.launcher.core.EngineExecutionOrchestrator.execute(EngineExecutionOrchestrator.java:127) ~[junit-platform-launcher-1.9.3.jar:1.9.3]
	at org.junit.platform.launcher.core.EngineExecutionOrchestrator.execute(EngineExecutionOrchestrator.java:90) ~[junit-platform-launcher-1.9.3.jar:1.9.3]
	at org.junit.platform.launcher.core.EngineExecutionOrchestrator.lambda$execute$0(EngineExecutionOrchestrator.java:55) ~[junit-platform-launcher-1.9.3.jar:1.9.3]
	at org.junit.platform.launcher.core.EngineExecutionOrchestrator.withInterceptedStreams(EngineExecutionOrchestrator.java:102) [junit-platform-launcher-1.9.3.jar:1.9.3]
	at org.junit.platform.launcher.core.EngineExecutionOrchestrator.execute(EngineExecutionOrchestrator.java:54) [junit-platform-launcher-1.9.3.jar:1.9.3]
	at org.junit.platform.launcher.core.DefaultLauncher.execute(DefaultLauncher.java:114) [junit-platform-launcher-1.9.3.jar:1.9.3]
	at org.junit.platform.launcher.core.DefaultLauncher.execute(DefaultLauncher.java:86) [junit-platform-launcher-1.9.3.jar:1.9.3]
	at org.junit.platform.launcher.core.DefaultLauncherSession$DelegatingLauncher.execute(DefaultLauncherSession.java:86) [junit-platform-launcher-1.9.3.jar:1.9.3]
	at org.junit.platform.launcher.core.SessionPerRequestLauncher.execute(SessionPerRequestLauncher.java:53) [junit-platform-launcher-1.9.3.jar:1.9.3]
	at com.intellij.junit5.JUnit5IdeaTestRunner.startRunnerWithArgs(JUnit5IdeaTestRunner.java:57) [junit5-rt.jar:?]
	at com.intellij.rt.junit.IdeaTestRunner$Repeater$1.execute(IdeaTestRunner.java:38) [junit-rt.jar:?]
	at com.intellij.rt.execution.junit.TestsRepeater.repeat(TestsRepeater.java:11) [idea_rt.jar:?]
	at com.intellij.rt.junit.IdeaTestRunner$Repeater.startRunnerWithArgs(IdeaTestRunner.java:35) [junit-rt.jar:?]
	at com.intellij.rt.junit.JUnitStarter.prepareStreamsAndStart(JUnitStarter.java:232) [junit-rt.jar:?]
	at com.intellij.rt.junit.JUnitStarter.main(JUnitStarter.java:55) [junit-rt.jar:?]
2023-05-31 14:21:04.766 INFO [main] [org.springframework.test.context.support.AnnotationConfigContextLoaderUtils.detectDefaultConfigurationClasses(AnnotationConfigContextLoaderUtils.java:83)] - Could not detect default configuration classes for test class [by.fmpibsu.stogram.service.ChatServiceTest]: ChatServiceTest does not declare any static, non-private, non-final, nested classes annotated with @Configuration.
2023-05-31 14:21:04.931 INFO [main] [org.springframework.boot.test.context.SpringBootTestContextBootstrapper.getOrFindConfigurationClasses(SpringBootTestContextBootstrapper.java:248)] - Found @SpringBootConfiguration by.fmpibsu.stogram.Application for test class by.fmpibsu.stogram.service.ChatServiceTest
2023-05-31 14:21:05.501 INFO [main] [org.springframework.boot.StartupInfoLogger.logStarting(StartupInfoLogger.java:51)] - Starting ChatServiceTest using Java 20.0.1 with PID 35523 (started by toharrius in /home/toharrius/labs/100gram)
2023-05-31 14:21:05.507 INFO [main] [org.springframework.boot.SpringApplication.logStartupProfileInfo(SpringApplication.java:633)] - No active profile set, falling back to 1 default profile: "default"
2023-05-31 14:21:06.559 INFO [main] [org.springframework.data.repository.config.RepositoryConfigurationDelegate.multipleStoresDetected(RepositoryConfigurationDelegate.java:291)] - Multiple Spring Data modules found, entering strict repository configuration mode
2023-05-31 14:21:06.563 INFO [main] [org.springframework.data.repository.config.RepositoryConfigurationDelegate.registerRepositoriesIn(RepositoryConfigurationDelegate.java:138)] - Bootstrapping Spring Data Redis repositories in DEFAULT mode.
2023-05-31 14:21:06.628 INFO [main] [org.springframework.data.repository.config.RepositoryConfigurationDelegate.registerRepositoriesIn(RepositoryConfigurationDelegate.java:208)] - Finished Spring Data repository scanning in 42 ms. Found 0 Redis repository interfaces.
2023-05-31 14:21:08.257 INFO [main] [org.springframework.boot.autoconfigure.web.servlet.WelcomePageHandlerMapping.<init>(WelcomePageHandlerMapping.java:57)] - Adding welcome page: class path resource [static/index.html]
2023-05-31 14:21:08.359 INFO [main] [by.fmpibsu.stogram.WebConfig.addResourceHandlers(WebConfig.java:17)] - Add Resource Handlers
2023-05-31 14:21:09.602 INFO [main] [org.springframework.boot.StartupInfoLogger.logStarted(StartupInfoLogger.java:57)] - Started ChatServiceTest in 4.412 seconds (process running for 6.793)
2023-05-31 14:21:09.605 INFO [main] [by.fmpibsu.stogram.Application.lambda$commandLineRunner$0(Application.java:23)] - Entering application
2023-05-31 14:21:42.633 INFO [main] [org.springframework.test.context.support.AnnotationConfigContextLoaderUtils.detectDefaultConfigurationClasses(AnnotationConfigContextLoaderUtils.java:83)] - Could not detect default configuration classes for test class [by.fmpibsu.stogram.service.ChatServiceTest]: ChatServiceTest does not declare any static, non-private, non-final, nested classes annotated with @Configuration.
2023-05-31 14:21:42.753 INFO [main] [org.springframework.boot.test.context.SpringBootTestContextBootstrapper.getOrFindConfigurationClasses(SpringBootTestContextBootstrapper.java:248)] - Found @SpringBootConfiguration by.fmpibsu.stogram.Application for test class by.fmpibsu.stogram.service.ChatServiceTest
2023-05-31 14:21:43.234 INFO [main] [org.springframework.boot.StartupInfoLogger.logStarting(StartupInfoLogger.java:51)] - Starting ChatServiceTest using Java 20.0.1 with PID 35814 (started by toharrius in /home/toharrius/labs/100gram)
2023-05-31 14:21:43.239 INFO [main] [org.springframework.boot.SpringApplication.logStartupProfileInfo(SpringApplication.java:633)] - No active profile set, falling back to 1 default profile: "default"
2023-05-31 14:21:44.237 INFO [main] [org.springframework.data.repository.config.RepositoryConfigurationDelegate.multipleStoresDetected(RepositoryConfigurationDelegate.java:291)] - Multiple Spring Data modules found, entering strict repository configuration mode
2023-05-31 14:21:44.240 INFO [main] [org.springframework.data.repository.config.RepositoryConfigurationDelegate.registerRepositoriesIn(RepositoryConfigurationDelegate.java:138)] - Bootstrapping Spring Data Redis repositories in DEFAULT mode.
2023-05-31 14:21:44.280 INFO [main] [org.springframework.data.repository.config.RepositoryConfigurationDelegate.registerRepositoriesIn(RepositoryConfigurationDelegate.java:208)] - Finished Spring Data repository scanning in 20 ms. Found 0 Redis repository interfaces.
2023-05-31 14:21:46.107 INFO [main] [org.springframework.boot.autoconfigure.web.servlet.WelcomePageHandlerMapping.<init>(WelcomePageHandlerMapping.java:57)] - Adding welcome page: class path resource [static/index.html]
2023-05-31 14:21:46.242 INFO [main] [by.fmpibsu.stogram.WebConfig.addResourceHandlers(WebConfig.java:17)] - Add Resource Handlers
2023-05-31 14:21:48.081 INFO [main] [org.springframework.boot.StartupInfoLogger.logStarted(StartupInfoLogger.java:57)] - Started ChatServiceTest in 5.138 seconds (process running for 7.336)
2023-05-31 14:21:48.084 INFO [main] [by.fmpibsu.stogram.Application.lambda$commandLineRunner$0(Application.java:23)] - Entering application
